#
# There is insufficient memory for the Java Runtime Environment to continue.
# Native memory allocation (mmap) failed to map 4194304 bytes for G1 virtual space
# Possible reasons:
#   The system is out of physical RAM or swap space
#   The process is running with CompressedOops enabled, and the Java Heap may be blocking the growth of the native heap
# Possible solutions:
#   Reduce memory load on the system
#   Increase physical memory or swap space
#   Check if swap backing store is full
#   Decrease Java heap size (-Xmx/-Xms)
#   Decrease number of Java threads
#   Decrease Java thread stack sizes (-Xss)
#   Set larger code cache with -XX:ReservedCodeCacheSize=
#   JVM is running with Zero Based Compressed Oops mode in which the Java heap is
#     placed in the first 32GB address space. The Java Heap base address is the
#     maximum limit for the native heap growth. Please use -XX:HeapBaseMinAddress
#     to set the Java Heap base and to place the Java Heap above 32GB virtual address.
# This output file may be truncated or incomplete.
#
#  Out of Memory Error (os_windows.cpp:3557), pid=21208, tid=40616
#
# JRE version:  (17.0.6+10) (build )
# Java VM: OpenJDK 64-Bit Server VM (17.0.6+10-LTS, mixed mode, sharing, tiered, compressed oops, compressed class ptrs, g1 gc, windows-amd64)
# No core dump will be written. Minidumps are not enabled by default on client versions of Windows
#

---------------  S U M M A R Y ------------

Command Line: -javaagent:C:\Program Files\JetBrains\IntelliJ IDEA 2022.3.2\lib\idea_rt.jar=57148:C:\Program Files\JetBrains\IntelliJ IDEA 2022.3.2\bin -Dfile.encoding=UTF-8 --module-path=C:\Users\andraz\.m2\repository\org\kordamp\ikonli\ikonli-javafx\12.3.1\ikonli-javafx-12.3.1.jar;C:\Users\andraz\.m2\repository\net\synedra\validatorfx\0.4.0\validatorfx-0.4.0.jar;C:\Users\andraz\.m2\repository\org\openjfx\javafx-base\19\javafx-base-19-win.jar;C:\Users\andraz\.m2\repository\org\openjfx\javafx-graphics\19\javafx-graphics-19-win.jar;C:\Users\andraz\.m2\repository\org\kordamp\bootstrapfx\bootstrapfx-core\0.4.0\bootstrapfx-core-0.4.0.jar;C:\Users\andraz\.m2\repository\com\dlsc\formsfx\formsfx-core\11.5.0\formsfx-core-11.5.0.jar;C:\Users\andraz\.m2\repository\org\openjfx\javafx-fxml\19\javafx-fxml-19-win.jar;C:\Users\andraz\.m2\repository\org\controlsfx\controlsfx\11.1.2\controlsfx-11.1.2.jar;C:\Users\andraz\.m2\repository\org\kordamp\ikonli\ikonli-core\12.3.1\ikonli-core-12.3.1.jar;C:\Users\andraz\Desktop\music_projekt\target\classes;C:\Users\andraz\.m2\repository\org\openjfx\javafx-controls\19\javafx-controls-19-win.jar -Djdk.module.main=com.example.music_projekt com.example.music_projekt/com.example.music_projekt.Main --module-path C:\Program Files\Java\javafx-sdk-19\lib --add-modules javafx.controls,javafx.fxml

Host: Intel(R) Core(TM) i7-8550U CPU @ 1.80GHz, 8 cores, 15G,  Windows 10 , 64 bit Build 19041 (10.0.19041.1889)
Time: Sat Feb 11 23:19:24 2023 Central Europe Standard Time elapsed time: 0.015263 seconds (0d 0h 0m 0s)

---------------  T H R E A D  ---------------

Current thread (0x000001ac359ea8a0):  JavaThread "Unknown thread" [_thread_in_vm, id=40616, stack(0x00000068eb900000,0x00000068eba00000)]

Stack: [0x00000068eb900000,0x00000068eba00000]
Native frames: (J=compiled Java code, j=interpreted, Vv=VM code, C=native code)
V  [jvm.dll+0x64b39a]
V  [jvm.dll+0x7ff044]
V  [jvm.dll+0x8007fe]
V  [jvm.dll+0x800e53]
V  [jvm.dll+0x235848]
V  [jvm.dll+0x6482fa]
V  [jvm.dll+0x63ca0a]
V  [jvm.dll+0x2f3d59]
V  [jvm.dll+0x2faee6]
V  [jvm.dll+0x347570]
V  [jvm.dll+0x34779f]
V  [jvm.dll+0x2ca128]
V  [jvm.dll+0x2cb0b9]
V  [jvm.dll+0x7d2751]
V  [jvm.dll+0x354a21]
V  [jvm.dll+0x7b2c9e]
V  [jvm.dll+0x3d16c3]
V  [jvm.dll+0x3d30c1]
C  [jli.dll+0x519f]
C  [ucrtbase.dll+0x21bb2]
C  [KERNEL32.DLL+0x17034]
C  [ntdll.dll+0x52651]


---------------  P R O C E S S  ---------------

Threads class SMR info:
_java_thread_list=0x00007ff93260b858, length=0, elements={
}

Java Threads: ( => current thread )

Other Threads:
  0x000001ac35a56b90 GCTaskThread "GC Thread#0" [stack: 0x00000068eba00000,0x00000068ebb00000] [id=22076]
  0x000001ac35a68960 ConcurrentGCThread "G1 Main Marker" [stack: 0x00000068ebb00000,0x00000068ebc00000] [id=38480]
  0x000001ac35a69bb0 ConcurrentGCThread "G1 Conc#0" [stack: 0x00000068ebc00000,0x00000068ebd00000] [id=36536]

[error occurred during error reporting (printing all threads), id 0xc0000005, EXCEPTION_ACCESS_VIOLATION (0xc0000005) at pc=0x00007ff931dfb387]

VM state: not at safepoint (not fully initialized)

VM Mutex/Monitor currently owned by a thread:  ([mutex/lock_event])
[0x000001ac359e6c60] Heap_lock - owner thread: 0x000001ac359ea8a0

Heap address: 0x0000000701800000, size: 4072 MB, Compressed Oops mode: Zero based, Oop shift amount: 3

CDS archive(s) mapped at: [0x0000000000000000-0x0000000000000000-0x0000000000000000), size 0, SharedBaseAddress: 0x0000000800000000, ArchiveRelocationMode: 0.
Narrow klass base: 0x0000000000000000, Narrow klass shift: 0, Narrow klass range: 0x0

GC Precious Log:
<Empty>

Heap:
 garbage-first heap   total 0K, used 0K [0x0000000701800000, 0x0000000800000000)
  region size 2048K, 0 young (0K), 0 survivors (0K)

[error occurred during error reporting (printing heap information), id 0xc0000005, EXCEPTION_ACCESS_VIOLATION (0xc0000005) at pc=0x00007ff9321c2dd9]

GC Heap History (0 events):
No events

Dll operation events (1 events):
Event: 0.009 Loaded shared library C:\Users\andraz\.jdks\corretto-17.0.6\bin\java.dll

Deoptimization events (0 events):
No events

Classes unloaded (0 events):
No events

Classes redefined (0 events):
No events

Internal exceptions (0 events):
No events

VM Operations (0 events):
No events

Events (0 events):
No events


Dynamic libraries:
0x00007ff70bd40000 - 0x00007ff70bd4d000 	C:\Users\andraz\.jdks\corretto-17.0.6\bin\java.exe
0x00007ff9a8270000 - 0x00007ff9a8468000 	C:\WINDOWS\SYSTEM32\ntdll.dll
0x00007ff9a7310000 - 0x00007ff9a73cd000 	C:\WINDOWS\System32\KERNEL32.DLL
0x00007ff9a5e80000 - 0x00007ff9a614e000 	C:\WINDOWS\System32\KERNELBASE.dll
0x00007ff9a5b80000 - 0x00007ff9a5c80000 	C:\WINDOWS\System32\ucrtbase.dll
0x00007ff991160000 - 0x00007ff991175000 	C:\Users\andraz\.jdks\corretto-17.0.6\bin\VCRUNTIME140.dll
0x00007ff9910f0000 - 0x00007ff991107000 	C:\Users\andraz\.jdks\corretto-17.0.6\bin\jli.dll
0x00007ff9a6cf0000 - 0x00007ff9a6e90000 	C:\WINDOWS\System32\USER32.dll
0x00007ff999f10000 - 0x00007ff99a1aa000 	C:\WINDOWS\WinSxS\amd64_microsoft.windows.common-controls_6595b64144ccf1df_6.0.19041.1110_none_60b5254171f9507e\COMCTL32.dll
0x00007ff9a5cf0000 - 0x00007ff9a5d12000 	C:\WINDOWS\System32\win32u.dll
0x00007ff9a67e0000 - 0x00007ff9a687e000 	C:\WINDOWS\System32\msvcrt.dll
0x00007ff9a7ec0000 - 0x00007ff9a7eea000 	C:\WINDOWS\System32\GDI32.dll
0x00007ff9a59c0000 - 0x00007ff9a5acb000 	C:\WINDOWS\System32\gdi32full.dll
0x00007ff9a6150000 - 0x00007ff9a61ed000 	C:\WINDOWS\System32\msvcp_win.dll
0x00007ff9a8200000 - 0x00007ff9a8230000 	C:\WINDOWS\System32\IMM32.DLL
0x00007ff967c70000 - 0x00007ff967d0b000 	C:\Users\andraz\.jdks\corretto-17.0.6\bin\msvcp140.dll
0x00007ff931b20000 - 0x00007ff932738000 	C:\Users\andraz\.jdks\corretto-17.0.6\bin\server\jvm.dll
0x00007ff9a80f0000 - 0x00007ff9a819e000 	C:\WINDOWS\System32\ADVAPI32.dll
0x00007ff9a63e0000 - 0x00007ff9a647c000 	C:\WINDOWS\System32\sechost.dll
0x00007ff9a74f0000 - 0x00007ff9a7615000 	C:\WINDOWS\System32\RPCRT4.dll
0x00007ff999ee0000 - 0x00007ff999f07000 	C:\WINDOWS\SYSTEM32\WINMM.dll
0x00007ff997980000 - 0x00007ff997989000 	C:\WINDOWS\SYSTEM32\WSOCK32.dll
0x00007ff99d120000 - 0x00007ff99d12a000 	C:\WINDOWS\SYSTEM32\VERSION.dll
0x00007ff9a8080000 - 0x00007ff9a80eb000 	C:\WINDOWS\System32\WS2_32.dll
0x00007ff9a4230000 - 0x00007ff9a4242000 	C:\WINDOWS\SYSTEM32\kernel.appcore.dll
0x00007ff992240000 - 0x00007ff99224a000 	C:\Users\andraz\.jdks\corretto-17.0.6\bin\jimage.dll
0x00007ff9a3740000 - 0x00007ff9a3924000 	C:\WINDOWS\SYSTEM32\DBGHELP.DLL
0x00007ff99d430000 - 0x00007ff99d45c000 	C:\WINDOWS\SYSTEM32\dbgcore.DLL
0x00007ff9a6240000 - 0x00007ff9a62c2000 	C:\WINDOWS\System32\bcryptPrimitives.dll
0x00007ff996c60000 - 0x00007ff996c6e000 	C:\Users\andraz\.jdks\corretto-17.0.6\bin\instrument.dll
0x00007ff98ef30000 - 0x00007ff98ef55000 	C:\Users\andraz\.jdks\corretto-17.0.6\bin\java.dll

dbghelp: loaded successfully - version: 4.0.5 - missing functions: none
symbol engine: initialized successfully - sym options: 0x614 - pdb path: .;C:\Users\andraz\.jdks\corretto-17.0.6\bin;C:\WINDOWS\SYSTEM32;C:\WINDOWS\WinSxS\amd64_microsoft.windows.common-controls_6595b64144ccf1df_6.0.19041.1110_none_60b5254171f9507e;C:\Users\andraz\.jdks\corretto-17.0.6\bin\server

VM Arguments:
jvm_args: -javaagent:C:\Program Files\JetBrains\IntelliJ IDEA 2022.3.2\lib\idea_rt.jar=57148:C:\Program Files\JetBrains\IntelliJ IDEA 2022.3.2\bin -Dfile.encoding=UTF-8 --module-path=C:\Users\andraz\.m2\repository\org\kordamp\ikonli\ikonli-javafx\12.3.1\ikonli-javafx-12.3.1.jar;C:\Users\andraz\.m2\repository\net\synedra\validatorfx\0.4.0\validatorfx-0.4.0.jar;C:\Users\andraz\.m2\repository\org\openjfx\javafx-base\19\javafx-base-19-win.jar;C:\Users\andraz\.m2\repository\org\openjfx\javafx-graphics\19\javafx-graphics-19-win.jar;C:\Users\andraz\.m2\repository\org\kordamp\bootstrapfx\bootstrapfx-core\0.4.0\bootstrapfx-core-0.4.0.jar;C:\Users\andraz\.m2\repository\com\dlsc\formsfx\formsfx-core\11.5.0\formsfx-core-11.5.0.jar;C:\Users\andraz\.m2\repository\org\openjfx\javafx-fxml\19\javafx-fxml-19-win.jar;C:\Users\andraz\.m2\repository\org\controlsfx\controlsfx\11.1.2\controlsfx-11.1.2.jar;C:\Users\andraz\.m2\repository\org\kordamp\ikonli\ikonli-core\12.3.1\ikonli-core-12.3.1.jar;C:\Users\andraz\Desktop\music_projekt\target\classes;C:\Users\andraz\.m2\repository\org\openjfx\javafx-controls\19\javafx-controls-19-win.jar -Djdk.module.main=com.example.music_projekt 
java_command: com.example.music_projekt/com.example.music_projekt.Main --module-path C:\Program Files\Java\javafx-sdk-19\lib --add-modules javafx.controls,javafx.fxml
java_class_path (initial): C:\Users\andraz\.m2\repository\org\openjfx\javafx-controls\19\javafx-controls-19.jar;C:\Users\andraz\.m2\repository\org\openjfx\javafx-graphics\19\javafx-graphics-19.jar;C:\Users\andraz\.m2\repository\org\openjfx\javafx-base\19\javafx-base-19.jar;C:\Users\andraz\.m2\repository\org\openjfx\javafx-fxml\19\javafx-fxml-19.jar;C:\Users\andraz\.m2\repository\de\jensd\fontawesomefx-fontawesome\4.7.0-9.1.2\fontawesomefx-fontawesome-4.7.0-9.1.2.jar;C:\Users\andraz\.m2\repository\de\jensd\fontawesomefx-commons\9.1.2\fontawesomefx-commons-9.1.2.jar;C:\Users\andraz\Desktop\music_projekt\src\main\java\com\example\music_projekt\postgresql-42.5.1.jar
Launcher Type: SUN_STANDARD

[Global flags]
     intx CICompilerCount                          = 4                                         {product} {ergonomic}
     uint ConcGCThreads                            = 2                                         {product} {ergonomic}
     uint G1ConcRefinementThreads                  = 8                                         {product} {ergonomic}
   size_t G1HeapRegionSize                         = 2097152                                   {product} {ergonomic}
    uintx GCDrainStackTargetSize                   = 64                                        {product} {ergonomic}
   size_t InitialHeapSize                          = 268435456                                 {product} {ergonomic}
   size_t MarkStackSize                            = 4194304                                   {product} {ergonomic}
   size_t MaxHeapSize                              = 4269801472                                {product} {ergonomic}
   size_t MinHeapDeltaBytes                        = 2097152                                   {product} {ergonomic}
   size_t MinHeapSize                              = 8388608                                   {product} {ergonomic}
    uintx NonNMethodCodeHeapSize                   = 5839372                                {pd product} {ergonomic}
    uintx NonProfiledCodeHeapSize                  = 122909434                              {pd product} {ergonomic}
    uintx ProfiledCodeHeapSize                     = 122909434                              {pd product} {ergonomic}
    uintx ReservedCodeCacheSize                    = 251658240                              {pd product} {ergonomic}
     bool SegmentedCodeCache                       = true                                      {product} {ergonomic}
   size_t SoftMaxHeapSize                          = 4269801472                             {manageable} {ergonomic}
     bool UseCompressedClassPointers               = true                           {product lp64_product} {ergonomic}
     bool UseCompressedOops                        = true                           {product lp64_product} {ergonomic}
     bool UseG1GC                                  = true                                      {product} {ergonomic}
     bool UseLargePagesIndividualAllocation        = false                                  {pd product} {ergonomic}

Logging:
Log output configuration:
 #0: stdout all=warning uptime,level,tags
 #1: stderr all=off uptime,level,tags

Environment Variables:
JAVA_HOME=C:\Program Files\Java\jdk-17\bin
PATH=C:\Program Files\Common Files\Oracle\Java\javapath;C:\Program Files (x86)\Java\jdk1.8.0_311;C:\Program Files (x86)\Common Files\Intel\Shared Libraries\redist\intel64\compiler;C:\WINDOWS\system32;C:\WINDOWS;C:\WINDOWS\System32\Wbem;C:\WINDOWS\System32\WindowsPowerShell\v1.0\;C:\WINDOWS\System32\OpenSSH\;C:\Program Files (x86)\Intel\Intel(R) Management Engine Components\DAL;C:\Program Files\Intel\Intel(R) Management Engine Components\DAL;C:\Program Files\dotnet\;C:\Program Files\Microsoft SQL Server\130\Tools\Binn\;C:\Program Files\Microsoft SQL Server\Client SDK\ODBC\170\Tools\Binn\;C:\Program Files\nodejs\;C:\Program Files\Git\cmd;C:\Gradle\gradle-2.14.1\bin;C:\Program Files\Java\jdk-17\bin;C:\Users\andraz\AppData\Local\Programs\Python\Python38-32\Scripts\;C:\Users\andraz\AppData\Local\Programs\Python\Python38-32\;C:\Users\andraz\AppData\Local\Microsoft\WindowsApps;C:\Users\andraz\.dotnet\tools;C:\Users\andraz\AppData\Roaming\npm;C:\Users\andraz\AppData\Local\Programs\Microsoft VS Code\bin;C:\Program Files (x86)\Java\jdk1.8.0_311;C:\Gradle\gradle-2.14.1\bin;C:\Program Files\JetBrains\IntelliJ IDEA 2022.3.2\bin;;C:\Program Files\Java\jdk-17\bin;
USERNAME=andraz
OS=Windows_NT
PROCESSOR_IDENTIFIER=Intel64 Family 6 Model 142 Stepping 10, GenuineIntel
TMP=C:\Users\andraz\AppData\Local\Temp
TEMP=C:\Users\andraz\AppData\Local\Temp



---------------  S Y S T E M  ---------------

OS:
 Windows 10 , 64 bit Build 19041 (10.0.19041.1889)
OS uptime: 177 days 21:37 hours
Hyper-V role detected

CPU: total 8 (initial active 8) (4 cores per cpu, 2 threads per core) family 6 model 142 stepping 10 microcode 0xf0, cx8, cmov, fxsr, ht, mmx, 3dnowpref, sse, sse2, sse3, ssse3, sse4.1, sse4.2, popcnt, lzcnt, tsc, tscinvbit, avx, avx2, aes, erms, clmul, bmi1, bmi2, adx, fma, vzeroupper, clflush, clflushopt, hv

Memory: 4k page, system-wide physical 16281M (520M free)
TotalPageFile size 44932M (AvailPageFile size 7M)
current process WorkingSet (physical memory assigned to process): 11M, peak: 11M
current process commit charge ("private bytes"): 316M, peak: 320M

vm_info: OpenJDK 64-Bit Server VM (17.0.6+10-LTS) for windows-amd64 JRE (17.0.6+10-LTS), built on Jan 13 2023 22:57:04 by "Administrator" with MS VC++ 15.9 (VS2017)

END.
