#
# There is insufficient memory for the Java Runtime Environment to continue.
# Native memory allocation (malloc) failed to allocate 259440 bytes for Chunk::new
# Possible reasons:
#   The system is out of physical RAM or swap space
#   The process is running with CompressedOops enabled, and the Java Heap may be blocking the growth of the native heap
# Possible solutions:
#   Reduce memory load on the system
#   Increase physical memory or swap space
#   Check if swap backing store is full
#   Decrease Java heap size (-Xmx/-Xms)
#   Decrease number of Java threads
#   Decrease Java thread stack sizes (-Xss)
#   Set larger code cache with -XX:ReservedCodeCacheSize=
#   JVM is running with Zero Based Compressed Oops mode in which the Java heap is
#     placed in the first 32GB address space. The Java Heap base address is the
#     maximum limit for the native heap growth. Please use -XX:HeapBaseMinAddress
#     to set the Java Heap base and to place the Java Heap above 32GB virtual address.
# This output file may be truncated or incomplete.
#
#  Out of Memory Error (arena.cpp:189), pid=51508, tid=12036
#
# JRE version: OpenJDK Runtime Environment Corretto-17.0.6.10.1 (17.0.6+10) (build 17.0.6+10-LTS)
# Java VM: OpenJDK 64-Bit Server VM Corretto-17.0.6.10.1 (17.0.6+10-LTS, mixed mode, sharing, tiered, compressed oops, compressed class ptrs, g1 gc, windows-amd64)
# No core dump will be written. Minidumps are not enabled by default on client versions of Windows
#

---------------  S U M M A R Y ------------

Command Line: -javaagent:C:\Program Files\JetBrains\IntelliJ IDEA 2022.3.2\lib\idea_rt.jar=63914:C:\Program Files\JetBrains\IntelliJ IDEA 2022.3.2\bin -Dfile.encoding=UTF-8 --module-path=C:\Users\andraz\.m2\repository\org\kordamp\bootstrapfx\bootstrapfx-core\0.4.0\bootstrapfx-core-0.4.0.jar;C:\Users\andraz\.m2\repository\org\openjfx\javafx-graphics\19\javafx-graphics-19-win.jar;C:\Users\andraz\.m2\repository\org\openjfx\javafx-fxml\19\javafx-fxml-19-win.jar;C:\Users\andraz\.m2\repository\org\openjfx\javafx-base\19\javafx-base-19-win.jar;C:\Users\andraz\.m2\repository\com\dlsc\formsfx\formsfx-core\11.5.0\formsfx-core-11.5.0.jar;C:\Users\andraz\.m2\repository\org\openjfx\javafx-controls\19\javafx-controls-19-win.jar;C:\Users\andraz\Desktop\music_projekt\target\classes;C:\Users\andraz\.m2\repository\org\controlsfx\controlsfx\11.1.2\controlsfx-11.1.2.jar;C:\Users\andraz\.m2\repository\org\kordamp\ikonli\ikonli-core\12.3.1\ikonli-core-12.3.1.jar;C:\Users\andraz\.m2\repository\org\kordamp\ikonli\ikonli-javafx\12.3.1\ikonli-javafx-12.3.1.jar;C:\Users\andraz\.m2\repository\net\synedra\validatorfx\0.4.0\validatorfx-0.4.0.jar -Djdk.module.main=com.example.music_projekt com.example.music_projekt/com.example.music_projekt.Main --module-path C:\Program Files\Java\javafx-sdk-19\lib --add-modules javafx.controls,javafx.fxml

Host: Intel(R) Core(TM) i7-8550U CPU @ 1.80GHz, 8 cores, 15G,  Windows 10 , 64 bit Build 19041 (10.0.19041.1889)
Time: Sat Feb 11 21:09:34 2023 Central Europe Standard Time elapsed time: 1.394629 seconds (0d 0h 0m 1s)

---------------  T H R E A D  ---------------

Current thread (0x000001e16769e0a0):  JavaThread "C2 CompilerThread0" daemon [_thread_in_native, id=12036, stack(0x0000002368900000,0x0000002368a00000)]


Current CompileTask:
C2:   1394 1201       4       jdk.internal.org.objectweb.asm.SymbolTable::addConstantUtf8 (98 bytes)

Stack: [0x0000002368900000,0x0000002368a00000]
Native frames: (J=compiled Java code, j=interpreted, Vv=VM code, C=native code)
V  [jvm.dll+0x64b39a]
V  [jvm.dll+0x7ff044]
V  [jvm.dll+0x8007fe]
V  [jvm.dll+0x800e53]
V  [jvm.dll+0x235848]
V  [jvm.dll+0xbce6c]
V  [jvm.dll+0xbd44c]
V  [jvm.dll+0x34f2a7]
V  [jvm.dll+0x319ccf]
V  [jvm.dll+0x31910a]
V  [jvm.dll+0x209ca5]
V  [jvm.dll+0x209237]
V  [jvm.dll+0x19926d]
V  [jvm.dll+0x2185dd]
V  [jvm.dll+0x216824]
V  [jvm.dll+0x7b77bb]
V  [jvm.dll+0x7b1d6a]
V  [jvm.dll+0x64a265]
C  [ucrtbase.dll+0x21bb2]
C  [KERNEL32.DLL+0x17034]
C  [ntdll.dll+0x52651]


---------------  P R O C E S S  ---------------

Threads class SMR info:
_java_thread_list=0x000001e1692ed8e0, length=20, elements={
0x000001e1446a7e90, 0x000001e1676845e0, 0x000001e167685450, 0x000001e1676957e0,
0x000001e1676982a0, 0x000001e167698c50, 0x000001e167699e10, 0x000001e16769e0a0,
0x000001e1676a7b60, 0x000001e168008070, 0x000001e1680cad50, 0x000001e1688ce180,
0x000001e1688ce650, 0x000001e1681bdd30, 0x000001e168ffd740, 0x000001e169581650,
0x000001e169199430, 0x000001e169708bb0, 0x000001e1692a2fc0, 0x000001e169750310
}

Java Threads: ( => current thread )
  0x000001e1446a7e90 JavaThread "main" [_thread_blocked, id=36120, stack(0x0000002367c00000,0x0000002367d00000)]
  0x000001e1676845e0 JavaThread "Reference Handler" daemon [_thread_blocked, id=46160, stack(0x0000002368300000,0x0000002368400000)]
  0x000001e167685450 JavaThread "Finalizer" daemon [_thread_blocked, id=2252, stack(0x0000002368400000,0x0000002368500000)]
  0x000001e1676957e0 JavaThread "Signal Dispatcher" daemon [_thread_blocked, id=40184, stack(0x0000002368500000,0x0000002368600000)]
  0x000001e1676982a0 JavaThread "Attach Listener" daemon [_thread_blocked, id=14800, stack(0x0000002368600000,0x0000002368700000)]
  0x000001e167698c50 JavaThread "Service Thread" daemon [_thread_blocked, id=18200, stack(0x0000002368700000,0x0000002368800000)]
  0x000001e167699e10 JavaThread "Monitor Deflation Thread" daemon [_thread_blocked, id=40272, stack(0x0000002368800000,0x0000002368900000)]
=>0x000001e16769e0a0 JavaThread "C2 CompilerThread0" daemon [_thread_in_native, id=12036, stack(0x0000002368900000,0x0000002368a00000)]
  0x000001e1676a7b60 JavaThread "C1 CompilerThread0" daemon [_thread_in_vm, id=46168, stack(0x0000002368a00000,0x0000002368b00000)]
  0x000001e168008070 JavaThread "Sweeper thread" daemon [_thread_blocked, id=30460, stack(0x0000002368b00000,0x0000002368c00000)]
  0x000001e1680cad50 JavaThread "Common-Cleaner" daemon [_thread_blocked, id=54132, stack(0x0000002368c00000,0x0000002368d00000)]
  0x000001e1688ce180 JavaThread "Monitor Ctrl-Break" daemon [_thread_in_native, id=51112, stack(0x0000002368f00000,0x0000002369000000)]
  0x000001e1688ce650 JavaThread "Notification Thread" daemon [_thread_blocked, id=5308, stack(0x0000002369000000,0x0000002369100000)]
  0x000001e1681bdd30 JavaThread "QuantumRenderer-0" daemon [_thread_blocked, id=15800, stack(0x0000002368e00000,0x0000002368f00000)]
  0x000001e168ffd740 JavaThread "InvokeLaterDispatcher" daemon [_thread_blocked, id=44968, stack(0x0000002369200000,0x0000002369300000)]
  0x000001e169581650 JavaThread "JavaFX Application Thread" [_thread_in_vm, id=48196, stack(0x0000002369300000,0x0000002369400000)]
  0x000001e169199430 JavaThread "Thread-1" daemon [_thread_in_native, id=2900, stack(0x0000002368d00000,0x0000002368e00000)]
  0x000001e169708bb0 JavaThread "JavaFX-Launcher" [_thread_blocked, id=20776, stack(0x0000002369700000,0x0000002369800000)]
  0x000001e1692a2fc0 JavaThread "Prism Font Disposer" daemon [_thread_blocked, id=18744, stack(0x0000002369e00000,0x0000002369f00000)]
  0x000001e169750310 JavaThread "C2 CompilerThread1" daemon [_thread_in_native, id=29492, stack(0x0000002369f00000,0x000000236a000000)]

Other Threads:
  0x000001e16767dad0 VMThread "VM Thread" [stack: 0x0000002368200000,0x0000002368300000] [id=14448]
  0x000001e144733720 WatcherThread [stack: 0x0000002369100000,0x0000002369200000] [id=44652]
  0x000001e144714b90 GCTaskThread "GC Thread#0" [stack: 0x0000002367d00000,0x0000002367e00000] [id=12856]
  0x000001e16904cf30 GCTaskThread "GC Thread#1" [stack: 0x0000002369800000,0x0000002369900000] [id=13964]
  0x000001e16911cc00 GCTaskThread "GC Thread#2" [stack: 0x0000002369900000,0x0000002369a00000] [id=36032]
  0x000001e169053650 GCTaskThread "GC Thread#3" [stack: 0x0000002369a00000,0x0000002369b00000] [id=51864]
  0x000001e1690f9130 GCTaskThread "GC Thread#4" [stack: 0x0000002369b00000,0x0000002369c00000] [id=6268]
  0x000001e16914aae0 GCTaskThread "GC Thread#5" [stack: 0x0000002369c00000,0x0000002369d00000] [id=38096]
  0x000001e169173620 GCTaskThread "GC Thread#6" [stack: 0x0000002369d00000,0x0000002369e00000] [id=52760]
  0x000001e144725950 ConcurrentGCThread "G1 Main Marker" [stack: 0x0000002367e00000,0x0000002367f00000] [id=27300]
  0x000001e144727bb0 ConcurrentGCThread "G1 Conc#0" [stack: 0x0000002367f00000,0x0000002368000000] [id=44016]
  0x000001e1675320d0 ConcurrentGCThread "G1 Refine#0" [stack: 0x0000002368000000,0x0000002368100000] [id=23004]
  0x000001e167532af0 ConcurrentGCThread "G1 Service" [stack: 0x0000002368100000,0x0000002368200000] [id=41576]

Threads with active compile tasks:
C2 CompilerThread0     1437 1201       4       jdk.internal.org.objectweb.asm.SymbolTable::addConstantUtf8 (98 bytes)
C1 CompilerThread0     1437 1316  s    3       java.io.ByteArrayInputStream::read (36 bytes)
C2 CompilerThread1     1437 1275       4       java.io.DataInputStream::readUTF (501 bytes)

VM state: not at safepoint (normal execution)

VM Mutex/Monitor currently owned by a thread: None

Heap address: 0x0000000701800000, size: 4072 MB, Compressed Oops mode: Zero based, Oop shift amount: 3

CDS archive(s) mapped at: [0x0000000800000000-0x0000000800bc0000-0x0000000800bc0000), size 12320768, SharedBaseAddress: 0x0000000800000000, ArchiveRelocationMode: 0.
Compressed class space mapped at: 0x0000000800c00000-0x0000000840c00000, reserved size: 1073741824
Narrow klass base: 0x0000000800000000, Narrow klass shift: 0, Narrow klass range: 0x100000000

GC Precious Log:
 CPUs: 8 total, 8 available
 Memory: 16281M
 Large Page Support: Disabled
 NUMA Support: Disabled
 Compressed Oops: Enabled (Zero based)
 Heap Region Size: 2M
 Heap Min Capacity: 8M
 Heap Initial Capacity: 256M
 Heap Max Capacity: 4072M
 Pre-touch: Disabled
 Parallel Workers: 8
 Concurrent Workers: 2
 Concurrent Refinement Workers: 8
 Periodic GC: Disabled

Heap:
 garbage-first heap   total 262144K, used 19367K [0x0000000701800000, 0x0000000800000000)
  region size 2048K, 11 young (22528K), 2 survivors (4096K)
 Metaspace       used 9805K, committed 10048K, reserved 1064960K
  class space    used 1253K, committed 1408K, reserved 1048576K

Heap Regions: E=young(eden), S=young(survivor), O=old, HS=humongous(starts), HC=humongous(continues), CS=collection set, F=free, OA=open archive, CA=closed archive, TAMS=top-at-mark-start (previous, next)
|   0|0x0000000701800000, 0x0000000701800000, 0x0000000701a00000|  0%| F|  |TAMS 0x0000000701800000, 0x0000000701800000| Untracked 
|   1|0x0000000701a00000, 0x0000000701a00000, 0x0000000701c00000|  0%| F|  |TAMS 0x0000000701a00000, 0x0000000701a00000| Untracked 
|   2|0x0000000701c00000, 0x0000000701c00000, 0x0000000701e00000|  0%| F|  |TAMS 0x0000000701c00000, 0x0000000701c00000| Untracked 
|   3|0x0000000701e00000, 0x0000000701e00000, 0x0000000702000000|  0%| F|  |TAMS 0x0000000701e00000, 0x0000000701e00000| Untracked 
|   4|0x0000000702000000, 0x0000000702000000, 0x0000000702200000|  0%| F|  |TAMS 0x0000000702000000, 0x0000000702000000| Untracked 
|   5|0x0000000702200000, 0x0000000702200000, 0x0000000702400000|  0%| F|  |TAMS 0x0000000702200000, 0x0000000702200000| Untracked 
|   6|0x0000000702400000, 0x0000000702400000, 0x0000000702600000|  0%| F|  |TAMS 0x0000000702400000, 0x0000000702400000| Untracked 
|   7|0x0000000702600000, 0x0000000702600000, 0x0000000702800000|  0%| F|  |TAMS 0x0000000702600000, 0x0000000702600000| Untracked 
|   8|0x0000000702800000, 0x0000000702800000, 0x0000000702a00000|  0%| F|  |TAMS 0x0000000702800000, 0x0000000702800000| Untracked 
|   9|0x0000000702a00000, 0x0000000702a00000, 0x0000000702c00000|  0%| F|  |TAMS 0x0000000702a00000, 0x0000000702a00000| Untracked 
|  10|0x0000000702c00000, 0x0000000702c00000, 0x0000000702e00000|  0%| F|  |TAMS 0x0000000702c00000, 0x0000000702c00000| Untracked 
|  11|0x0000000702e00000, 0x0000000702e00000, 0x0000000703000000|  0%| F|  |TAMS 0x0000000702e00000, 0x0000000702e00000| Untracked 
|  12|0x0000000703000000, 0x0000000703000000, 0x0000000703200000|  0%| F|  |TAMS 0x0000000703000000, 0x0000000703000000| Untracked 
|  13|0x0000000703200000, 0x0000000703200000, 0x0000000703400000|  0%| F|  |TAMS 0x0000000703200000, 0x0000000703200000| Untracked 
|  14|0x0000000703400000, 0x0000000703400000, 0x0000000703600000|  0%| F|  |TAMS 0x0000000703400000, 0x0000000703400000| Untracked 
|  15|0x0000000703600000, 0x0000000703600000, 0x0000000703800000|  0%| F|  |TAMS 0x0000000703600000, 0x0000000703600000| Untracked 
|  16|0x0000000703800000, 0x0000000703800000, 0x0000000703a00000|  0%| F|  |TAMS 0x0000000703800000, 0x0000000703800000| Untracked 
|  17|0x0000000703a00000, 0x0000000703a00000, 0x0000000703c00000|  0%| F|  |TAMS 0x0000000703a00000, 0x0000000703a00000| Untracked 
|  18|0x0000000703c00000, 0x0000000703c00000, 0x0000000703e00000|  0%| F|  |TAMS 0x0000000703c00000, 0x0000000703c00000| Untracked 
|  19|0x0000000703e00000, 0x0000000703e00000, 0x0000000704000000|  0%| F|  |TAMS 0x0000000703e00000, 0x0000000703e00000| Untracked 
|  20|0x0000000704000000, 0x0000000704000000, 0x0000000704200000|  0%| F|  |TAMS 0x0000000704000000, 0x0000000704000000| Untracked 
|  21|0x0000000704200000, 0x0000000704200000, 0x0000000704400000|  0%| F|  |TAMS 0x0000000704200000, 0x0000000704200000| Untracked 
|  22|0x0000000704400000, 0x0000000704400000, 0x0000000704600000|  0%| F|  |TAMS 0x0000000704400000, 0x0000000704400000| Untracked 
|  23|0x0000000704600000, 0x0000000704600000, 0x0000000704800000|  0%| F|  |TAMS 0x0000000704600000, 0x0000000704600000| Untracked 
|  24|0x0000000704800000, 0x0000000704800000, 0x0000000704a00000|  0%| F|  |TAMS 0x0000000704800000, 0x0000000704800000| Untracked 
|  25|0x0000000704a00000, 0x0000000704a00000, 0x0000000704c00000|  0%| F|  |TAMS 0x0000000704a00000, 0x0000000704a00000| Untracked 
|  26|0x0000000704c00000, 0x0000000704c00000, 0x0000000704e00000|  0%| F|  |TAMS 0x0000000704c00000, 0x0000000704c00000| Untracked 
|  27|0x0000000704e00000, 0x0000000704e00000, 0x0000000705000000|  0%| F|  |TAMS 0x0000000704e00000, 0x0000000704e00000| Untracked 
|  28|0x0000000705000000, 0x0000000705000000, 0x0000000705200000|  0%| F|  |TAMS 0x0000000705000000, 0x0000000705000000| Untracked 
|  29|0x0000000705200000, 0x0000000705200000, 0x0000000705400000|  0%| F|  |TAMS 0x0000000705200000, 0x0000000705200000| Untracked 
|  30|0x0000000705400000, 0x0000000705400000, 0x0000000705600000|  0%| F|  |TAMS 0x0000000705400000, 0x0000000705400000| Untracked 
|  31|0x0000000705600000, 0x0000000705600000, 0x0000000705800000|  0%| F|  |TAMS 0x0000000705600000, 0x0000000705600000| Untracked 
|  32|0x0000000705800000, 0x0000000705800000, 0x0000000705a00000|  0%| F|  |TAMS 0x0000000705800000, 0x0000000705800000| Untracked 
|  33|0x0000000705a00000, 0x0000000705a00000, 0x0000000705c00000|  0%| F|  |TAMS 0x0000000705a00000, 0x0000000705a00000| Untracked 
|  34|0x0000000705c00000, 0x0000000705c00000, 0x0000000705e00000|  0%| F|  |TAMS 0x0000000705c00000, 0x0000000705c00000| Untracked 
|  35|0x0000000705e00000, 0x0000000705e00000, 0x0000000706000000|  0%| F|  |TAMS 0x0000000705e00000, 0x0000000705e00000| Untracked 
|  36|0x0000000706000000, 0x0000000706000000, 0x0000000706200000|  0%| F|  |TAMS 0x0000000706000000, 0x0000000706000000| Untracked 
|  37|0x0000000706200000, 0x0000000706200000, 0x0000000706400000|  0%| F|  |TAMS 0x0000000706200000, 0x0000000706200000| Untracked 
|  38|0x0000000706400000, 0x0000000706400000, 0x0000000706600000|  0%| F|  |TAMS 0x0000000706400000, 0x0000000706400000| Untracked 
|  39|0x0000000706600000, 0x0000000706600000, 0x0000000706800000|  0%| F|  |TAMS 0x0000000706600000, 0x0000000706600000| Untracked 
|  40|0x0000000706800000, 0x0000000706800000, 0x0000000706a00000|  0%| F|  |TAMS 0x0000000706800000, 0x0000000706800000| Untracked 
|  41|0x0000000706a00000, 0x0000000706a00000, 0x0000000706c00000|  0%| F|  |TAMS 0x0000000706a00000, 0x0000000706a00000| Untracked 
|  42|0x0000000706c00000, 0x0000000706c00000, 0x0000000706e00000|  0%| F|  |TAMS 0x0000000706c00000, 0x0000000706c00000| Untracked 
|  43|0x0000000706e00000, 0x0000000706e00000, 0x0000000707000000|  0%| F|  |TAMS 0x0000000706e00000, 0x0000000706e00000| Untracked 
|  44|0x0000000707000000, 0x0000000707000000, 0x0000000707200000|  0%| F|  |TAMS 0x0000000707000000, 0x0000000707000000| Untracked 
|  45|0x0000000707200000, 0x0000000707200000, 0x0000000707400000|  0%| F|  |TAMS 0x0000000707200000, 0x0000000707200000| Untracked 
|  46|0x0000000707400000, 0x0000000707400000, 0x0000000707600000|  0%| F|  |TAMS 0x0000000707400000, 0x0000000707400000| Untracked 
|  47|0x0000000707600000, 0x0000000707600000, 0x0000000707800000|  0%| F|  |TAMS 0x0000000707600000, 0x0000000707600000| Untracked 
|  48|0x0000000707800000, 0x0000000707800000, 0x0000000707a00000|  0%| F|  |TAMS 0x0000000707800000, 0x0000000707800000| Untracked 
|  49|0x0000000707a00000, 0x0000000707a00000, 0x0000000707c00000|  0%| F|  |TAMS 0x0000000707a00000, 0x0000000707a00000| Untracked 
|  50|0x0000000707c00000, 0x0000000707c00000, 0x0000000707e00000|  0%| F|  |TAMS 0x0000000707c00000, 0x0000000707c00000| Untracked 
|  51|0x0000000707e00000, 0x0000000707e00000, 0x0000000708000000|  0%| F|  |TAMS 0x0000000707e00000, 0x0000000707e00000| Untracked 
|  52|0x0000000708000000, 0x0000000708000000, 0x0000000708200000|  0%| F|  |TAMS 0x0000000708000000, 0x0000000708000000| Untracked 
|  53|0x0000000708200000, 0x0000000708200000, 0x0000000708400000|  0%| F|  |TAMS 0x0000000708200000, 0x0000000708200000| Untracked 
|  54|0x0000000708400000, 0x0000000708400000, 0x0000000708600000|  0%| F|  |TAMS 0x0000000708400000, 0x0000000708400000| Untracked 
|  55|0x0000000708600000, 0x0000000708600000, 0x0000000708800000|  0%| F|  |TAMS 0x0000000708600000, 0x0000000708600000| Untracked 
|  56|0x0000000708800000, 0x0000000708800000, 0x0000000708a00000|  0%| F|  |TAMS 0x0000000708800000, 0x0000000708800000| Untracked 
|  57|0x0000000708a00000, 0x0000000708a00000, 0x0000000708c00000|  0%| F|  |TAMS 0x0000000708a00000, 0x0000000708a00000| Untracked 
|  58|0x0000000708c00000, 0x0000000708c00000, 0x0000000708e00000|  0%| F|  |TAMS 0x0000000708c00000, 0x0000000708c00000| Untracked 
|  59|0x0000000708e00000, 0x0000000708e00000, 0x0000000709000000|  0%| F|  |TAMS 0x0000000708e00000, 0x0000000708e00000| Untracked 
|  60|0x0000000709000000, 0x0000000709000000, 0x0000000709200000|  0%| F|  |TAMS 0x0000000709000000, 0x0000000709000000| Untracked 
|  61|0x0000000709200000, 0x0000000709200000, 0x0000000709400000|  0%| F|  |TAMS 0x0000000709200000, 0x0000000709200000| Untracked 
|  62|0x0000000709400000, 0x0000000709400000, 0x0000000709600000|  0%| F|  |TAMS 0x0000000709400000, 0x0000000709400000| Untracked 
|  63|0x0000000709600000, 0x0000000709600000, 0x0000000709800000|  0%| F|  |TAMS 0x0000000709600000, 0x0000000709600000| Untracked 
|  64|0x0000000709800000, 0x0000000709800000, 0x0000000709a00000|  0%| F|  |TAMS 0x0000000709800000, 0x0000000709800000| Untracked 
|  65|0x0000000709a00000, 0x0000000709a00000, 0x0000000709c00000|  0%| F|  |TAMS 0x0000000709a00000, 0x0000000709a00000| Untracked 
|  66|0x0000000709c00000, 0x0000000709c00000, 0x0000000709e00000|  0%| F|  |TAMS 0x0000000709c00000, 0x0000000709c00000| Untracked 
|  67|0x0000000709e00000, 0x0000000709e00000, 0x000000070a000000|  0%| F|  |TAMS 0x0000000709e00000, 0x0000000709e00000| Untracked 
|  68|0x000000070a000000, 0x000000070a000000, 0x000000070a200000|  0%| F|  |TAMS 0x000000070a000000, 0x000000070a000000| Untracked 
|  69|0x000000070a200000, 0x000000070a200000, 0x000000070a400000|  0%| F|  |TAMS 0x000000070a200000, 0x000000070a200000| Untracked 
|  70|0x000000070a400000, 0x000000070a400000, 0x000000070a600000|  0%| F|  |TAMS 0x000000070a400000, 0x000000070a400000| Untracked 
|  71|0x000000070a600000, 0x000000070a600000, 0x000000070a800000|  0%| F|  |TAMS 0x000000070a600000, 0x000000070a600000| Untracked 
|  72|0x000000070a800000, 0x000000070a800000, 0x000000070aa00000|  0%| F|  |TAMS 0x000000070a800000, 0x000000070a800000| Untracked 
|  73|0x000000070aa00000, 0x000000070aa00000, 0x000000070ac00000|  0%| F|  |TAMS 0x000000070aa00000, 0x000000070aa00000| Untracked 
|  74|0x000000070ac00000, 0x000000070ac00000, 0x000000070ae00000|  0%| F|  |TAMS 0x000000070ac00000, 0x000000070ac00000| Untracked 
|  75|0x000000070ae00000, 0x000000070ae00000, 0x000000070b000000|  0%| F|  |TAMS 0x000000070ae00000, 0x000000070ae00000| Untracked 
|  76|0x000000070b000000, 0x000000070b000000, 0x000000070b200000|  0%| F|  |TAMS 0x000000070b000000, 0x000000070b000000| Untracked 
|  77|0x000000070b200000, 0x000000070b200000, 0x000000070b400000|  0%| F|  |TAMS 0x000000070b200000, 0x000000070b200000| Untracked 
|  78|0x000000070b400000, 0x000000070b400000, 0x000000070b600000|  0%| F|  |TAMS 0x000000070b400000, 0x000000070b400000| Untracked 
|  79|0x000000070b600000, 0x000000070b600000, 0x000000070b800000|  0%| F|  |TAMS 0x000000070b600000, 0x000000070b600000| Untracked 
|  80|0x000000070b800000, 0x000000070b800000, 0x000000070ba00000|  0%| F|  |TAMS 0x000000070b800000, 0x000000070b800000| Untracked 
|  81|0x000000070ba00000, 0x000000070ba00000, 0x000000070bc00000|  0%| F|  |TAMS 0x000000070ba00000, 0x000000070ba00000| Untracked 
|  82|0x000000070bc00000, 0x000000070bc00000, 0x000000070be00000|  0%| F|  |TAMS 0x000000070bc00000, 0x000000070bc00000| Untracked 
|  83|0x000000070be00000, 0x000000070be00000, 0x000000070c000000|  0%| F|  |TAMS 0x000000070be00000, 0x000000070be00000| Untracked 
|  84|0x000000070c000000, 0x000000070c000000, 0x000000070c200000|  0%| F|  |TAMS 0x000000070c000000, 0x000000070c000000| Untracked 
|  85|0x000000070c200000, 0x000000070c200000, 0x000000070c400000|  0%| F|  |TAMS 0x000000070c200000, 0x000000070c200000| Untracked 
|  86|0x000000070c400000, 0x000000070c400000, 0x000000070c600000|  0%| F|  |TAMS 0x000000070c400000, 0x000000070c400000| Untracked 
|  87|0x000000070c600000, 0x000000070c600000, 0x000000070c800000|  0%| F|  |TAMS 0x000000070c600000, 0x000000070c600000| Untracked 
|  88|0x000000070c800000, 0x000000070c800000, 0x000000070ca00000|  0%| F|  |TAMS 0x000000070c800000, 0x000000070c800000| Untracked 
|  89|0x000000070ca00000, 0x000000070ca00000, 0x000000070cc00000|  0%| F|  |TAMS 0x000000070ca00000, 0x000000070ca00000| Untracked 
|  90|0x000000070cc00000, 0x000000070cc00000, 0x000000070ce00000|  0%| F|  |TAMS 0x000000070cc00000, 0x000000070cc00000| Untracked 
|  91|0x000000070ce00000, 0x000000070ce00000, 0x000000070d000000|  0%| F|  |TAMS 0x000000070ce00000, 0x000000070ce00000| Untracked 
|  92|0x000000070d000000, 0x000000070d000000, 0x000000070d200000|  0%| F|  |TAMS 0x000000070d000000, 0x000000070d000000| Untracked 
|  93|0x000000070d200000, 0x000000070d200000, 0x000000070d400000|  0%| F|  |TAMS 0x000000070d200000, 0x000000070d200000| Untracked 
|  94|0x000000070d400000, 0x000000070d400000, 0x000000070d600000|  0%| F|  |TAMS 0x000000070d400000, 0x000000070d400000| Untracked 
|  95|0x000000070d600000, 0x000000070d600000, 0x000000070d800000|  0%| F|  |TAMS 0x000000070d600000, 0x000000070d600000| Untracked 
|  96|0x000000070d800000, 0x000000070d800000, 0x000000070da00000|  0%| F|  |TAMS 0x000000070d800000, 0x000000070d800000| Untracked 
|  97|0x000000070da00000, 0x000000070da00000, 0x000000070dc00000|  0%| F|  |TAMS 0x000000070da00000, 0x000000070da00000| Untracked 
|  98|0x000000070dc00000, 0x000000070dc00000, 0x000000070de00000|  0%| F|  |TAMS 0x000000070dc00000, 0x000000070dc00000| Untracked 
|  99|0x000000070de00000, 0x000000070de00000, 0x000000070e000000|  0%| F|  |TAMS 0x000000070de00000, 0x000000070de00000| Untracked 
| 100|0x000000070e000000, 0x000000070e000000, 0x000000070e200000|  0%| F|  |TAMS 0x000000070e000000, 0x000000070e000000| Untracked 
| 101|0x000000070e200000, 0x000000070e200000, 0x000000070e400000|  0%| F|  |TAMS 0x000000070e200000, 0x000000070e200000| Untracked 
| 102|0x000000070e400000, 0x000000070e400000, 0x000000070e600000|  0%| F|  |TAMS 0x000000070e400000, 0x000000070e400000| Untracked 
| 103|0x000000070e600000, 0x000000070e600000, 0x000000070e800000|  0%| F|  |TAMS 0x000000070e600000, 0x000000070e600000| Untracked 
| 104|0x000000070e800000, 0x000000070e800000, 0x000000070ea00000|  0%| F|  |TAMS 0x000000070e800000, 0x000000070e800000| Untracked 
| 105|0x000000070ea00000, 0x000000070ea00000, 0x000000070ec00000|  0%| F|  |TAMS 0x000000070ea00000, 0x000000070ea00000| Untracked 
| 106|0x000000070ec00000, 0x000000070ec00000, 0x000000070ee00000|  0%| F|  |TAMS 0x000000070ec00000, 0x000000070ec00000| Untracked 
| 107|0x000000070ee00000, 0x000000070ee00000, 0x000000070f000000|  0%| F|  |TAMS 0x000000070ee00000, 0x000000070ee00000| Untracked 
| 108|0x000000070f000000, 0x000000070f000000, 0x000000070f200000|  0%| F|  |TAMS 0x000000070f000000, 0x000000070f000000| Untracked 
| 109|0x000000070f200000, 0x000000070f200000, 0x000000070f400000|  0%| F|  |TAMS 0x000000070f200000, 0x000000070f200000| Untracked 
| 110|0x000000070f400000, 0x000000070f400000, 0x000000070f600000|  0%| F|  |TAMS 0x000000070f400000, 0x000000070f400000| Untracked 
| 111|0x000000070f600000, 0x000000070f600000, 0x000000070f800000|  0%| F|  |TAMS 0x000000070f600000, 0x000000070f600000| Untracked 
| 112|0x000000070f800000, 0x000000070f800000, 0x000000070fa00000|  0%| F|  |TAMS 0x000000070f800000, 0x000000070f800000| Untracked 
| 113|0x000000070fa00000, 0x000000070fa00000, 0x000000070fc00000|  0%| F|  |TAMS 0x000000070fa00000, 0x000000070fa00000| Untracked 
| 114|0x000000070fc00000, 0x000000070fc00000, 0x000000070fe00000|  0%| F|  |TAMS 0x000000070fc00000, 0x000000070fc00000| Untracked 
| 115|0x000000070fe00000, 0x000000070fee9c48, 0x0000000710000000| 45%| S|CS|TAMS 0x000000070fe00000, 0x000000070fe00000| Complete 
| 116|0x0000000710000000, 0x0000000710200000, 0x0000000710200000|100%| S|CS|TAMS 0x0000000710000000, 0x0000000710000000| Complete 
| 117|0x0000000710200000, 0x0000000710200000, 0x0000000710400000|  0%| F|  |TAMS 0x0000000710200000, 0x0000000710200000| Untracked 
| 118|0x0000000710400000, 0x0000000710400000, 0x0000000710600000|  0%| F|  |TAMS 0x0000000710400000, 0x0000000710400000| Untracked 
| 119|0x0000000710600000, 0x00000007106f82d8, 0x0000000710800000| 48%| E|  |TAMS 0x0000000710600000, 0x0000000710600000| Complete 
| 120|0x0000000710800000, 0x0000000710a00000, 0x0000000710a00000|100%| E|CS|TAMS 0x0000000710800000, 0x0000000710800000| Complete 
| 121|0x0000000710a00000, 0x0000000710c00000, 0x0000000710c00000|100%| E|CS|TAMS 0x0000000710a00000, 0x0000000710a00000| Complete 
| 122|0x0000000710c00000, 0x0000000710e00000, 0x0000000710e00000|100%| E|CS|TAMS 0x0000000710c00000, 0x0000000710c00000| Complete 
| 123|0x0000000710e00000, 0x0000000711000000, 0x0000000711000000|100%| E|CS|TAMS 0x0000000710e00000, 0x0000000710e00000| Complete 
| 124|0x0000000711000000, 0x0000000711200000, 0x0000000711200000|100%| E|CS|TAMS 0x0000000711000000, 0x0000000711000000| Complete 
| 125|0x0000000711200000, 0x0000000711400000, 0x0000000711400000|100%| E|CS|TAMS 0x0000000711200000, 0x0000000711200000| Complete 
| 126|0x0000000711400000, 0x0000000711600000, 0x0000000711600000|100%| E|CS|TAMS 0x0000000711400000, 0x0000000711400000| Complete 
| 127|0x0000000711600000, 0x0000000711800000, 0x0000000711800000|100%| E|CS|TAMS 0x0000000711600000, 0x0000000711600000| Complete 

Card table byte_map: [0x000001e15bcf0000,0x000001e15c4f0000] _byte_map_base: 0x000001e1584e4000

Marking Bits (Prev, Next): (CMBitMap*) 0x000001e1447151a0, (CMBitMap*) 0x000001e1447151e0
 Prev Bits: [0x000001e15ccf0000, 0x000001e160c90000)
 Next Bits: [0x000001e160c90000, 0x000001e164c30000)

Polling page: 0x000001e143e80000

Metaspace:

Usage:
  Non-class:      8.38 MB used.
      Class:      1.23 MB used.
       Both:      9.61 MB used.

Virtual space:
  Non-class space:       16.00 MB reserved,       8.50 MB ( 53%) committed,  2 nodes.
      Class space:        1.00 GB reserved,       1.38 MB ( <1%) committed,  1 nodes.
             Both:        1.02 GB reserved,       9.88 MB ( <1%) committed. 

Chunk freelists:
   Non-Class:  3.16 MB
       Class:  2.59 MB
        Both:  5.75 MB

MaxMetaspaceSize: unlimited
CompressedClassSpaceSize: 1.00 GB
Initial GC threshold: 21.00 MB
Current GC threshold: 21.00 MB
CDS: on
MetaspaceReclaimPolicy: balanced
 - commit_granule_bytes: 65536.
 - commit_granule_words: 8192.
 - virtual_space_node_default_size: 1048576.
 - enlarge_chunks_in_place: 1.
 - new_chunks_are_fully_committed: 0.
 - uncommit_free_chunks: 1.
 - use_allocation_guard: 0.
 - handle_deallocations: 1.


Internal statistics:

num_allocs_failed_limit: 0.
num_arena_births: 160.
num_arena_deaths: 0.
num_vsnodes_births: 3.
num_vsnodes_deaths: 0.
num_space_committed: 158.
num_space_uncommitted: 0.
num_chunks_returned_to_freelist: 0.
num_chunks_taken_from_freelist: 416.
num_chunk_merges: 0.
num_chunk_splits: 287.
num_chunks_enlarged: 223.
num_purges: 0.
num_inconsistent_stats: 0.

CodeHeap 'non-profiled nmethods': size=120000Kb used=430Kb max_used=430Kb free=119569Kb
 bounds [0x000001e153c80000, 0x000001e153ef0000, 0x000001e15b1b0000]
CodeHeap 'profiled nmethods': size=120000Kb used=2275Kb max_used=2275Kb free=117725Kb
 bounds [0x000001e14c1b0000, 0x000001e14c420000, 0x000001e1536e0000]
CodeHeap 'non-nmethods': size=5760Kb used=1269Kb max_used=1285Kb free=4490Kb
 bounds [0x000001e1536e0000, 0x000001e153950000, 0x000001e153c80000]
 total_blobs=1907 nmethods=1314 adapters=506
 compilation: enabled
              stopped_count=0, restarted_count=0
 full_count=0

Compilation events (20 events):
Event: 1.381 Thread 0x000001e1676a7b60 1209   !   3       java.lang.invoke.MethodHandleNatives::linkMethodHandleConstant (50 bytes)
Event: 1.381 Thread 0x000001e1676a7b60 nmethod 1209 0x000001e14c3ad110 code [0x000001e14c3ad2e0, 0x000001e14c3ad4c8]
Event: 1.381 Thread 0x000001e1676a7b60 1210       3       java.lang.invoke.MethodHandles$Lookup::linkMethodHandleConstant (223 bytes)
Event: 1.382 Thread 0x000001e1676a7b60 nmethod 1210 0x000001e14c3ad690 code [0x000001e14c3ada60, 0x000001e14c3af348]
Event: 1.382 Thread 0x000001e1676a7b60 1211       3       jdk.internal.org.objectweb.asm.ClassReader::<init> (371 bytes)
Event: 1.383 Thread 0x000001e1676a7b60 nmethod 1211 0x000001e14c3afa90 code [0x000001e14c3afd80, 0x000001e14c3b1158]
Event: 1.383 Thread 0x000001e1676a7b60 1212       3       java.lang.invoke.BoundMethodHandle::editor (8 bytes)
Event: 1.383 Thread 0x000001e1676a7b60 nmethod 1212 0x000001e14c3b1690 code [0x000001e14c3b1860, 0x000001e14c3b1c08]
Event: 1.383 Thread 0x000001e1676a7b60 1215       3       java.lang.invoke.MethodType::changeReturnType (20 bytes)
Event: 1.383 Thread 0x000001e1676a7b60 nmethod 1215 0x000001e14c3b1d90 code [0x000001e14c3b1f40, 0x000001e14c3b2108]
Event: 1.383 Thread 0x000001e1676a7b60 1214       3       jdk.internal.org.objectweb.asm.ClassWriter::<init> (7 bytes)
Event: 1.383 Thread 0x000001e1676a7b60 nmethod 1214 0x000001e14c3b2190 code [0x000001e14c3b2340, 0x000001e14c3b2488]
Event: 1.384 Thread 0x000001e1676a7b60 1217       3       java.lang.invoke.TypeConvertingMethodAdapter::convertType (299 bytes)
Event: 1.386 Thread 0x000001e1676a7b60 nmethod 1217 0x000001e14c3b2510 code [0x000001e14c3b2b40, 0x000001e14c3b6168]
Event: 1.386 Thread 0x000001e1676a7b60 1219       3       java.lang.Class::getReflectionFactory (26 bytes)
Event: 1.386 Thread 0x000001e1676a7b60 nmethod 1219 0x000001e14c3b7310 code [0x000001e14c3b7540, 0x000001e14c3b7d38]
Event: 1.386 Thread 0x000001e1676a7b60 1218       1       java.lang.invoke.MethodHandle::internalForm (5 bytes)
Event: 1.386 Thread 0x000001e1676a7b60 nmethod 1218 0x000001e153ce5690 code [0x000001e153ce5820, 0x000001e153ce58f8]
Event: 1.386 Thread 0x000001e1676a7b60 1220       1       java.lang.invoke.MethodHandleImpl$IntrinsicMethodHandle::getTarget (5 bytes)
Event: 1.386 Thread 0x000001e1676a7b60 nmethod 1220 0x000001e153ce5990 code [0x000001e153ce5b20, 0x000001e153ce5bf8]

GC Heap History (2 events):
Event: 1.092 GC heap before
{Heap before GC invocations=0 (full 0):
 garbage-first heap   total 262144K, used 20480K [0x0000000701800000, 0x0000000800000000)
  region size 2048K, 11 young (22528K), 0 survivors (0K)
 Metaspace       used 5027K, committed 5184K, reserved 1056768K
  class space    used 593K, committed 640K, reserved 1048576K
}
Event: 1.095 GC heap after
{Heap after GC invocations=1 (full 0):
 garbage-first heap   total 262144K, used 2983K [0x0000000701800000, 0x0000000800000000)
  region size 2048K, 2 young (4096K), 2 survivors (4096K)
 Metaspace       used 5027K, committed 5184K, reserved 1056768K
  class space    used 593K, committed 640K, reserved 1048576K
}

Dll operation events (20 events):
Event: 0.726 Loaded shared library C:\Users\andraz\.openjfx\cache\19+11\amd64\api-ms-win-crt-locale-l1-1-0.dll
Event: 0.730 Loaded shared library C:\Users\andraz\.openjfx\cache\19+11\amd64\api-ms-win-crt-math-l1-1-0.dll
Event: 0.736 Loaded shared library C:\Users\andraz\.openjfx\cache\19+11\amd64\api-ms-win-crt-multibyte-l1-1-0.dll
Event: 0.742 Loaded shared library C:\Users\andraz\.openjfx\cache\19+11\amd64\api-ms-win-crt-private-l1-1-0.dll
Event: 0.748 Loaded shared library C:\Users\andraz\.openjfx\cache\19+11\amd64\api-ms-win-crt-process-l1-1-0.dll
Event: 0.753 Loaded shared library C:\Users\andraz\.openjfx\cache\19+11\amd64\api-ms-win-crt-runtime-l1-1-0.dll
Event: 0.758 Loaded shared library C:\Users\andraz\.openjfx\cache\19+11\amd64\api-ms-win-crt-stdio-l1-1-0.dll
Event: 0.764 Loaded shared library C:\Users\andraz\.openjfx\cache\19+11\amd64\api-ms-win-crt-string-l1-1-0.dll
Event: 0.770 Loaded shared library C:\Users\andraz\.openjfx\cache\19+11\amd64\api-ms-win-crt-time-l1-1-0.dll
Event: 0.775 Loaded shared library C:\Users\andraz\.openjfx\cache\19+11\amd64\api-ms-win-crt-utility-l1-1-0.dll
Event: 0.795 Loaded shared library C:\Users\andraz\.openjfx\cache\19+11\amd64\ucrtbase.dll
Event: 0.802 Loaded shared library C:\Users\andraz\.openjfx\cache\19+11\amd64\vcruntime140.dll
Event: 0.808 Loaded shared library C:\Users\andraz\.openjfx\cache\19+11\amd64\vcruntime140_1.dll
Event: 0.822 Loaded shared library C:\Users\andraz\.openjfx\cache\19+11\amd64\msvcp140.dll
Event: 0.828 Loaded shared library C:\Users\andraz\.openjfx\cache\19+11\amd64\msvcp140_1.dll
Event: 0.835 Loaded shared library C:\Users\andraz\.openjfx\cache\19+11\amd64\msvcp140_2.dll
Event: 0.904 Loaded shared library C:\Users\andraz\.openjfx\cache\19+11\amd64\prism_d3d.dll
Event: 0.951 Loaded shared library C:\Users\andraz\.openjfx\cache\19+11\amd64\glass.dll
Event: 1.096 Loaded shared library C:\Users\andraz\.jdks\corretto-17.0.6\bin\jimage.dll
Event: 1.233 Loaded shared library C:\Users\andraz\.openjfx\cache\19+11\amd64\javafx_font.dll

Deoptimization events (20 events):
Event: 1.245 Thread 0x000001e169581650 Uncommon trap: trap_request=0xffffff45 fr.pc=0x000001e153cb99c8 relative=0x00000000000000a8
Event: 1.245 Thread 0x000001e169581650 Uncommon trap: reason=unstable_if action=reinterpret pc=0x000001e153cb99c8 method=jdk.internal.misc.Unsafe.convEndian(ZI)I @ 4 c2
Event: 1.245 Thread 0x000001e169581650 DEOPT PACKING pc=0x000001e153cb99c8 sp=0x00000023693fb4d0
Event: 1.245 Thread 0x000001e169581650 DEOPT UNPACKING pc=0x000001e1537369a3 sp=0x00000023693fb380 mode 2
Event: 1.245 Thread 0x000001e169581650 Uncommon trap: trap_request=0xffffff45 fr.pc=0x000001e153cbd638 relative=0x0000000000000038
Event: 1.245 Thread 0x000001e169581650 Uncommon trap: reason=unstable_if action=reinterpret pc=0x000001e153cbd638 method=jdk.internal.misc.Unsafe.convEndian(ZI)I @ 4 c2
Event: 1.245 Thread 0x000001e169581650 DEOPT PACKING pc=0x000001e153cbd638 sp=0x00000023693fb3f0
Event: 1.245 Thread 0x000001e169581650 DEOPT UNPACKING pc=0x000001e1537369a3 sp=0x00000023693fb388 mode 2
Event: 1.289 Thread 0x000001e169581650 DEOPT PACKING pc=0x000001e14c344b56 sp=0x00000023693fb700
Event: 1.289 Thread 0x000001e169581650 DEOPT UNPACKING pc=0x000001e153737143 sp=0x00000023693faba0 mode 0
Event: 1.292 Thread 0x000001e169581650 DEOPT PACKING pc=0x000001e14c344b56 sp=0x00000023693fb710
Event: 1.292 Thread 0x000001e169581650 DEOPT UNPACKING pc=0x000001e153737143 sp=0x00000023693fabb0 mode 0
Event: 1.349 Thread 0x000001e169581650 Uncommon trap: trap_request=0xffffff45 fr.pc=0x000001e153c8f120 relative=0x00000000000001a0
Event: 1.349 Thread 0x000001e169581650 Uncommon trap: reason=unstable_if action=reinterpret pc=0x000001e153c8f120 method=java.lang.String.equals(Ljava/lang/Object;)Z @ 33 c2
Event: 1.349 Thread 0x000001e169581650 DEOPT PACKING pc=0x000001e153c8f120 sp=0x00000023693fc9b0
Event: 1.349 Thread 0x000001e169581650 DEOPT UNPACKING pc=0x000001e1537369a3 sp=0x00000023693fc950 mode 2
Event: 1.356 Thread 0x000001e169581650 Uncommon trap: trap_request=0xffffff45 fr.pc=0x000001e153c8b430 relative=0x00000000000001b0
Event: 1.356 Thread 0x000001e169581650 Uncommon trap: reason=unstable_if action=reinterpret pc=0x000001e153c8b430 method=java.lang.String.isLatin1()Z @ 10 c2
Event: 1.356 Thread 0x000001e169581650 DEOPT PACKING pc=0x000001e153c8b430 sp=0x00000023693fc780
Event: 1.356 Thread 0x000001e169581650 DEOPT UNPACKING pc=0x000001e1537369a3 sp=0x00000023693fc6b8 mode 2

Classes unloaded (0 events):
No events

Classes redefined (0 events):
No events

Internal exceptions (20 events):
Event: 0.389 Thread 0x000001e1446a7e90 Exception <a 'java/lang/NoSuchMethodError'{0x000000071139ee08}: 'void java.lang.invoke.DirectMethodHandle$Holder.invokeVirtual(java.lang.Object, java.lang.Object)'> (0x000000071139ee08) 
thrown [s\src\hotspot\share\interpreter\linkResolver.cpp, line 759]
Event: 0.401 Thread 0x000001e1446a7e90 Exception <a 'java/lang/NoSuchMethodError'{0x00000007113e8828}: 'void java.lang.invoke.DirectMethodHandle$Holder.invokeSpecial(java.lang.Object, java.lang.Object, java.lang.Object)'> (0x00000007113e8828) 
thrown [s\src\hotspot\share\interpreter\linkResolver.cpp, line 759]
Event: 0.443 Thread 0x000001e1688ce180 Exception <a 'java/lang/NoSuchMethodError'{0x0000000711158cf0}: 'java.lang.Object java.lang.invoke.DirectMethodHandle$Holder.invokeStaticInit(java.lang.Object)'> (0x0000000711158cf0) 
thrown [s\src\hotspot\share\interpreter\linkResolver.cpp, line 759]
Event: 0.449 Thread 0x000001e1688ce180 Exception <a 'java/lang/ClassNotFoundException'{0x0000000711164080}: jdk/net/ExtendedSocketOptions> (0x0000000711164080) 
thrown [s\src\hotspot\share\classfile\systemDictionary.cpp, line 256]
Event: 0.450 Thread 0x000001e1688ce180 Exception <a 'java/lang/NoSuchMethodError'{0x0000000711165918}: 'void java.lang.invoke.DirectMethodHandle$Holder.invokeStatic(java.lang.Object, java.lang.Object)'> (0x0000000711165918) 
thrown [s\src\hotspot\share\interpreter\linkResolver.cpp, line 759]
Event: 0.887 Thread 0x000001e1446a7e90 Exception <a 'java/lang/NoSuchMethodError'{0x00000007108570c0}: 'void java.lang.invoke.DirectMethodHandle$Holder.invokeStatic(java.lang.Object, java.lang.Object, java.lang.Object)'> (0x00000007108570c0) 
thrown [s\src\hotspot\share\interpreter\linkResolver.cpp, line 759]
Event: 0.931 Thread 0x000001e1446a7e90 Exception <a 'java/lang/NoSuchMethodError'{0x00000007108e5558}: 'int java.lang.invoke.DirectMethodHandle$Holder.invokeStaticInit(java.lang.Object, java.lang.Object, java.lang.Object)'> (0x00000007108e5558) 
thrown [s\src\hotspot\share\interpreter\linkResolver.cpp, line 759]
Event: 0.954 Thread 0x000001e1446a7e90 Exception <a 'java/lang/NoSuchMethodError'{0x000000071099f850}: 'java.lang.Object java.lang.invoke.DirectMethodHandle$Holder.newInvokeSpecial(java.lang.Object, java.lang.Object, int, java.lang.Object)'> (0x000000071099f850) 
thrown [s\src\hotspot\share\interpreter\linkResolver.cpp, line 759]
Event: 0.955 Thread 0x000001e1446a7e90 Exception <a 'java/lang/NoSuchMethodError'{0x00000007109a3c30}: 'java.lang.Object java.lang.invoke.DirectMethodHandle$Holder.invokeSpecial(java.lang.Object, java.lang.Object, java.lang.Object, int, java.lang.Object)'> (0x00000007109a3c30) 
thrown [s\src\hotspot\share\interpreter\linkResolver.cpp, line 759]
Event: 1.025 Thread 0x000001e169581650 Exception <a 'java/lang/NoSuchMethodError'{0x0000000710472ac8}: 'void java.lang.invoke.DirectMethodHandle$Holder.invokeStaticInit(java.lang.Object)'> (0x0000000710472ac8) 
thrown [s\src\hotspot\share\interpreter\linkResolver.cpp, line 759]
Event: 1.028 Thread 0x000001e1446a7e90 Exception <a 'java/lang/NoSuchMethodError'{0x00000007109b8e30}: 'java.lang.Object java.lang.invoke.DirectMethodHandle$Holder.newInvokeSpecial(java.lang.Object, java.lang.Object, java.lang.Object, java.lang.Object, java.lang.Object, java.lang.Object)'> (0x00000007109b8e30) 
thrown [s\src\hotspot\share\interpreter\linkResolver.cpp, line 759]
Event: 1.054 Thread 0x000001e1446a7e90 Exception <a 'java/lang/NoSuchMethodError'{0x0000000710576c10}: 'java.lang.Object java.lang.invoke.DirectMethodHandle$Holder.newInvokeSpecial(java.lang.Object, java.lang.Object, java.lang.Object, java.lang.Object, java.lang.Object)'> (0x0000000710576c10) 
thrown [s\src\hotspot\share\interpreter\linkResolver.cpp, line 759]
Event: 1.056 Thread 0x000001e169708bb0 Exception <a 'java/lang/NoSuchMethodError'{0x00000007105c9e98}: 'void java.lang.invoke.DirectMethodHandle$Holder.invokeStatic(java.lang.Object, java.lang.Object, java.lang.Object, java.lang.Object)'> (0x00000007105c9e98) 
thrown [s\src\hotspot\share\interpreter\linkResolver.cpp, line 759]
Event: 1.118 Thread 0x000001e169581650 Exception <a 'sun/nio/fs/WindowsException'{0x000000071146b680}> (0x000000071146b680) 
thrown [s\src\hotspot\share\prims\jni.cpp, line 516]
Event: 1.188 Thread 0x000001e169581650 Exception <a 'java/lang/NoSuchMethodError'{0x00000007113a7148}: 'java.lang.Object java.lang.invoke.DirectMethodHandle$Holder.invokeStaticInit(java.lang.Object, java.lang.Object, java.lang.Object, java.lang.Object)'> (0x00000007113a7148) 
thrown [s\src\hotspot\share\interpreter\linkResolver.cpp, line 759]
Event: 1.189 Thread 0x000001e169581650 Exception <a 'java/lang/NullPointerException'{0x00000007113b2df0}> (0x00000007113b2df0) 
thrown [s\src\hotspot\share\interpreter\linkResolver.cpp, line 1350]
Event: 1.225 Thread 0x000001e169581650 Exception <a 'sun/nio/fs/WindowsException'{0x0000000710e18f78}> (0x0000000710e18f78) 
thrown [s\src\hotspot\share\prims\jni.cpp, line 516]
Event: 1.241 Thread 0x000001e169581650 Exception <a 'java/lang/NoSuchMethodError'{0x0000000710eab3d0}: 'java.lang.Object java.lang.invoke.DirectMethodHandle$Holder.invokeStaticInit(java.lang.Object, int, int, int, int)'> (0x0000000710eab3d0) 
thrown [s\src\hotspot\share\interpreter\linkResolver.cpp, line 759]
Event: 1.295 Thread 0x000001e169581650 Exception <a 'java/lang/NoSuchMethodError'{0x0000000710f66aa0}: 'java.lang.Object java.lang.invoke.DirectMethodHandle$Holder.invokeStaticInit(java.lang.Object, java.lang.Object, int, int, int, int)'> (0x0000000710f66aa0) 
thrown [s\src\hotspot\share\interpreter\linkResolver.cpp, line 759]
Event: 1.369 Thread 0x000001e169581650 Exception <a 'sun/nio/fs/WindowsException'{0x0000000710ab1a18}> (0x0000000710ab1a18) 
thrown [s\src\hotspot\share\prims\jni.cpp, line 516]

VM Operations (14 events):
Event: 0.410 Executing VM operation: HandshakeAllThreads
Event: 0.410 Executing VM operation: HandshakeAllThreads done
Event: 0.411 Executing VM operation: HandshakeAllThreads
Event: 0.411 Executing VM operation: HandshakeAllThreads done
Event: 0.442 Executing VM operation: HandshakeAllThreads
Event: 0.442 Executing VM operation: HandshakeAllThreads done
Event: 0.940 Executing VM operation: HandshakeAllThreads
Event: 0.940 Executing VM operation: HandshakeAllThreads done
Event: 1.091 Executing VM operation: G1CollectForAllocation
Event: 1.096 Executing VM operation: G1CollectForAllocation done
Event: 1.225 Executing VM operation: HandshakeAllThreads
Event: 1.225 Executing VM operation: HandshakeAllThreads done
Event: 1.245 Executing VM operation: HandshakeAllThreads
Event: 1.245 Executing VM operation: HandshakeAllThreads done

Events (20 events):
Event: 1.368 loading class java/io/FilePermission$1
Event: 1.368 loading class jdk/internal/access/JavaIOFilePermissionAccess
Event: 1.368 loading class jdk/internal/access/JavaIOFilePermissionAccess done
Event: 1.368 loading class java/io/FilePermission$1 done
Event: 1.372 loading class sun/util/logging/internal/LoggingProviderImpl$JULWrapper
Event: 1.373 loading class sun/util/logging/PlatformLogger$ConfigurableBridge$LoggerConfiguration
Event: 1.373 loading class sun/util/logging/PlatformLogger$ConfigurableBridge$LoggerConfiguration done
Event: 1.373 loading class sun/util/logging/internal/LoggingProviderImpl$JULWrapper done
Event: 1.378 loading class java/lang/invoke/MethodHandle$1
Event: 1.378 loading class java/lang/invoke/MethodHandle$1 done
Event: 1.385 loading class java/lang/System$Logger$Level
Event: 1.385 loading class java/lang/System$Logger$Level done
Event: 1.387 loading class java/util/AbstractList$RandomAccessSubList
Event: 1.388 loading class java/util/AbstractList$SubList
Event: 1.388 loading class java/util/AbstractList$SubList done
Event: 1.388 loading class java/util/AbstractList$RandomAccessSubList done
Event: 1.388 loading class java/util/AbstractList$SubList$1
Event: 1.388 loading class java/util/AbstractList$SubList$1 done
Event: 1.388 loading class java/util/AbstractList$ListItr
Event: 1.388 loading class java/util/AbstractList$ListItr done


Dynamic libraries:
0x00007ff70bd40000 - 0x00007ff70bd4d000 	C:\Users\andraz\.jdks\corretto-17.0.6\bin\java.exe
0x00007ff9a8270000 - 0x00007ff9a8468000 	C:\WINDOWS\SYSTEM32\ntdll.dll
0x00007ff9a7310000 - 0x00007ff9a73cd000 	C:\WINDOWS\System32\KERNEL32.DLL
0x00007ff9a5e80000 - 0x00007ff9a614e000 	C:\WINDOWS\System32\KERNELBASE.dll
0x00007ff9a5b80000 - 0x00007ff9a5c80000 	C:\WINDOWS\System32\ucrtbase.dll
0x00007ff991160000 - 0x00007ff991177000 	C:\Users\andraz\.jdks\corretto-17.0.6\bin\jli.dll
0x00007ff996c30000 - 0x00007ff996c45000 	C:\Users\andraz\.jdks\corretto-17.0.6\bin\VCRUNTIME140.dll
0x00007ff9a6cf0000 - 0x00007ff9a6e90000 	C:\WINDOWS\System32\USER32.dll
0x00007ff9a5cf0000 - 0x00007ff9a5d12000 	C:\WINDOWS\System32\win32u.dll
0x00007ff9a7ec0000 - 0x00007ff9a7eea000 	C:\WINDOWS\System32\GDI32.dll
0x00007ff999f10000 - 0x00007ff99a1aa000 	C:\WINDOWS\WinSxS\amd64_microsoft.windows.common-controls_6595b64144ccf1df_6.0.19041.1110_none_60b5254171f9507e\COMCTL32.dll
0x00007ff9a59c0000 - 0x00007ff9a5acb000 	C:\WINDOWS\System32\gdi32full.dll
0x00007ff9a67e0000 - 0x00007ff9a687e000 	C:\WINDOWS\System32\msvcrt.dll
0x00007ff9a6150000 - 0x00007ff9a61ed000 	C:\WINDOWS\System32\msvcp_win.dll
0x00007ff9a8200000 - 0x00007ff9a8230000 	C:\WINDOWS\System32\IMM32.DLL
0x00007ff971ff0000 - 0x00007ff97208b000 	C:\Users\andraz\.jdks\corretto-17.0.6\bin\msvcp140.dll
0x00007ff935050000 - 0x00007ff935c68000 	C:\Users\andraz\.jdks\corretto-17.0.6\bin\server\jvm.dll
0x00007ff9a80f0000 - 0x00007ff9a819e000 	C:\WINDOWS\System32\ADVAPI32.dll
0x00007ff9a63e0000 - 0x00007ff9a647c000 	C:\WINDOWS\System32\sechost.dll
0x00007ff9a74f0000 - 0x00007ff9a7615000 	C:\WINDOWS\System32\RPCRT4.dll
0x00007ff99d120000 - 0x00007ff99d12a000 	C:\WINDOWS\SYSTEM32\VERSION.dll
0x00007ff999ee0000 - 0x00007ff999f07000 	C:\WINDOWS\SYSTEM32\WINMM.dll
0x00007ff997980000 - 0x00007ff997989000 	C:\WINDOWS\SYSTEM32\WSOCK32.dll
0x00007ff9a8080000 - 0x00007ff9a80eb000 	C:\WINDOWS\System32\WS2_32.dll
0x00007ff9a4230000 - 0x00007ff9a4242000 	C:\WINDOWS\SYSTEM32\kernel.appcore.dll
0x00007ff991f50000 - 0x00007ff991f5a000 	C:\Users\andraz\.jdks\corretto-17.0.6\bin\jimage.dll
0x00007ff9a3740000 - 0x00007ff9a3924000 	C:\WINDOWS\SYSTEM32\DBGHELP.DLL
0x00007ff99d430000 - 0x00007ff99d45c000 	C:\WINDOWS\SYSTEM32\dbgcore.DLL
0x00007ff9a6240000 - 0x00007ff9a62c2000 	C:\WINDOWS\System32\bcryptPrimitives.dll
0x00007ff99f160000 - 0x00007ff99f16e000 	C:\Users\andraz\.jdks\corretto-17.0.6\bin\instrument.dll
0x00007ff9713c0000 - 0x00007ff9713e5000 	C:\Users\andraz\.jdks\corretto-17.0.6\bin\java.dll
0x00007ff962f70000 - 0x00007ff963046000 	C:\Users\andraz\.jdks\corretto-17.0.6\bin\jsvml.dll
0x00007ff9a7770000 - 0x00007ff9a7eb4000 	C:\WINDOWS\System32\SHELL32.dll
0x00007ff9a3930000 - 0x00007ff9a40c4000 	C:\WINDOWS\SYSTEM32\windows.storage.dll
0x00007ff9a6480000 - 0x00007ff9a67d4000 	C:\WINDOWS\System32\combase.dll
0x00007ff9a5240000 - 0x00007ff9a5270000 	C:\WINDOWS\SYSTEM32\Wldp.dll
0x00007ff9a7040000 - 0x00007ff9a70ed000 	C:\WINDOWS\System32\SHCORE.dll
0x00007ff9a7620000 - 0x00007ff9a7675000 	C:\WINDOWS\System32\shlwapi.dll
0x00007ff9a58d0000 - 0x00007ff9a58ef000 	C:\WINDOWS\SYSTEM32\profapi.dll
0x00007ff9910f0000 - 0x00007ff991109000 	C:\Users\andraz\.jdks\corretto-17.0.6\bin\net.dll
0x00007ff99cc40000 - 0x00007ff99cd4a000 	C:\WINDOWS\SYSTEM32\WINHTTP.dll
0x00007ff9a5020000 - 0x00007ff9a508a000 	C:\WINDOWS\system32\mswsock.dll
0x00007ff980720000 - 0x00007ff980735000 	C:\Users\andraz\.jdks\corretto-17.0.6\bin\nio.dll
0x00007ff977f50000 - 0x00007ff977f68000 	C:\Users\andraz\.jdks\corretto-17.0.6\bin\zip.dll
0x00007ff9806c0000 - 0x00007ff9806da000 	C:\Program Files\JetBrains\IntelliJ IDEA 2022.3.2\bin\breakgen64.dll
0x000001e1677d0000 - 0x000001e1677d3000 	C:\Users\andraz\.openjfx\cache\19+11\amd64\api-ms-win-core-console-l1-1-0.dll
0x000001e1677e0000 - 0x000001e1677e3000 	C:\Users\andraz\.openjfx\cache\19+11\amd64\api-ms-win-core-console-l1-2-0.dll
0x000001e1677f0000 - 0x000001e1677f3000 	C:\Users\andraz\.openjfx\cache\19+11\amd64\api-ms-win-core-datetime-l1-1-0.dll
0x000001e169bd0000 - 0x000001e169bd3000 	C:\Users\andraz\.openjfx\cache\19+11\amd64\api-ms-win-core-debug-l1-1-0.dll
0x000001e169be0000 - 0x000001e169be3000 	C:\Users\andraz\.openjfx\cache\19+11\amd64\api-ms-win-core-errorhandling-l1-1-0.dll
0x000001e169bf0000 - 0x000001e169bf4000 	C:\Users\andraz\.openjfx\cache\19+11\amd64\api-ms-win-core-file-l1-1-0.dll
0x000001e169c00000 - 0x000001e169c03000 	C:\Users\andraz\.openjfx\cache\19+11\amd64\api-ms-win-core-file-l1-2-0.dll
0x000001e169c10000 - 0x000001e169c13000 	C:\Users\andraz\.openjfx\cache\19+11\amd64\api-ms-win-core-file-l2-1-0.dll
0x000001e169c20000 - 0x000001e169c23000 	C:\Users\andraz\.openjfx\cache\19+11\amd64\api-ms-win-core-handle-l1-1-0.dll
0x000001e169c30000 - 0x000001e169c33000 	C:\Users\andraz\.openjfx\cache\19+11\amd64\api-ms-win-core-heap-l1-1-0.dll
0x000001e169c40000 - 0x000001e169c43000 	C:\Users\andraz\.openjfx\cache\19+11\amd64\api-ms-win-core-interlocked-l1-1-0.dll
0x000001e169c50000 - 0x000001e169c53000 	C:\Users\andraz\.openjfx\cache\19+11\amd64\api-ms-win-core-libraryloader-l1-1-0.dll
0x000001e169c60000 - 0x000001e169c63000 	C:\Users\andraz\.openjfx\cache\19+11\amd64\api-ms-win-core-localization-l1-2-0.dll
0x000001e169ee0000 - 0x000001e169ee3000 	C:\Users\andraz\.openjfx\cache\19+11\amd64\api-ms-win-core-memory-l1-1-0.dll
0x000001e169ef0000 - 0x000001e169ef3000 	C:\Users\andraz\.openjfx\cache\19+11\amd64\api-ms-win-core-namedpipe-l1-1-0.dll
0x000001e169f00000 - 0x000001e169f03000 	C:\Users\andraz\.openjfx\cache\19+11\amd64\api-ms-win-core-processenvironment-l1-1-0.dll
0x000001e169f10000 - 0x000001e169f13000 	C:\Users\andraz\.openjfx\cache\19+11\amd64\api-ms-win-core-processthreads-l1-1-0.dll
0x000001e169f20000 - 0x000001e169f23000 	C:\Users\andraz\.openjfx\cache\19+11\amd64\api-ms-win-core-processthreads-l1-1-1.dll
0x000001e169f30000 - 0x000001e169f33000 	C:\Users\andraz\.openjfx\cache\19+11\amd64\api-ms-win-core-profile-l1-1-0.dll
0x000001e169db0000 - 0x000001e169db3000 	C:\Users\andraz\.openjfx\cache\19+11\amd64\api-ms-win-core-rtlsupport-l1-1-0.dll
0x000001e169dc0000 - 0x000001e169dc3000 	C:\Users\andraz\.openjfx\cache\19+11\amd64\api-ms-win-core-string-l1-1-0.dll
0x000001e169dd0000 - 0x000001e169dd3000 	C:\Users\andraz\.openjfx\cache\19+11\amd64\api-ms-win-core-synch-l1-1-0.dll
0x000001e169de0000 - 0x000001e169de3000 	C:\Users\andraz\.openjfx\cache\19+11\amd64\api-ms-win-core-synch-l1-2-0.dll
0x000001e169df0000 - 0x000001e169df3000 	C:\Users\andraz\.openjfx\cache\19+11\amd64\api-ms-win-core-sysinfo-l1-1-0.dll
0x000001e169e00000 - 0x000001e169e03000 	C:\Users\andraz\.openjfx\cache\19+11\amd64\api-ms-win-core-timezone-l1-1-0.dll
0x000001e169e10000 - 0x000001e169e13000 	C:\Users\andraz\.openjfx\cache\19+11\amd64\api-ms-win-core-util-l1-1-0.dll
0x000001e169e20000 - 0x000001e169e23000 	C:\Users\andraz\.openjfx\cache\19+11\amd64\api-ms-win-crt-conio-l1-1-0.dll
0x000001e169e30000 - 0x000001e169e34000 	C:\Users\andraz\.openjfx\cache\19+11\amd64\api-ms-win-crt-convert-l1-1-0.dll
0x000001e169e40000 - 0x000001e169e43000 	C:\Users\andraz\.openjfx\cache\19+11\amd64\api-ms-win-crt-environment-l1-1-0.dll
0x000001e169e50000 - 0x000001e169e53000 	C:\Users\andraz\.openjfx\cache\19+11\amd64\api-ms-win-crt-filesystem-l1-1-0.dll
0x000001e169e60000 - 0x000001e169e63000 	C:\Users\andraz\.openjfx\cache\19+11\amd64\api-ms-win-crt-heap-l1-1-0.dll
0x000001e169e70000 - 0x000001e169e73000 	C:\Users\andraz\.openjfx\cache\19+11\amd64\api-ms-win-crt-locale-l1-1-0.dll
0x000001e169e80000 - 0x000001e169e85000 	C:\Users\andraz\.openjfx\cache\19+11\amd64\api-ms-win-crt-math-l1-1-0.dll
0x000001e169e90000 - 0x000001e169e95000 	C:\Users\andraz\.openjfx\cache\19+11\amd64\api-ms-win-crt-multibyte-l1-1-0.dll
0x000001e169c70000 - 0x000001e169c80000 	C:\Users\andraz\.openjfx\cache\19+11\amd64\api-ms-win-crt-private-l1-1-0.dll
0x000001e169c80000 - 0x000001e169c83000 	C:\Users\andraz\.openjfx\cache\19+11\amd64\api-ms-win-crt-process-l1-1-0.dll
0x000001e169c90000 - 0x000001e169c94000 	C:\Users\andraz\.openjfx\cache\19+11\amd64\api-ms-win-crt-runtime-l1-1-0.dll
0x000001e169ca0000 - 0x000001e169ca4000 	C:\Users\andraz\.openjfx\cache\19+11\amd64\api-ms-win-crt-stdio-l1-1-0.dll
0x000001e169cb0000 - 0x000001e169cb4000 	C:\Users\andraz\.openjfx\cache\19+11\amd64\api-ms-win-crt-string-l1-1-0.dll
0x000001e169cc0000 - 0x000001e169cc3000 	C:\Users\andraz\.openjfx\cache\19+11\amd64\api-ms-win-crt-time-l1-1-0.dll
0x000001e169cd0000 - 0x000001e169cd3000 	C:\Users\andraz\.openjfx\cache\19+11\amd64\api-ms-win-crt-utility-l1-1-0.dll
0x00007ff95eb70000 - 0x00007ff95ec6c000 	C:\Users\andraz\.openjfx\cache\19+11\amd64\ucrtbase.dll
0x00007ff9806a0000 - 0x00007ff9806bb000 	C:\Users\andraz\.openjfx\cache\19+11\amd64\vcruntime140.dll
0x00007ff98ef30000 - 0x00007ff98ef3c000 	C:\Users\andraz\.openjfx\cache\19+11\amd64\vcruntime140_1.dll
0x00007ff967c80000 - 0x00007ff967d0e000 	C:\Users\andraz\.openjfx\cache\19+11\amd64\msvcp140.dll
0x00007ff980690000 - 0x00007ff980699000 	C:\Users\andraz\.openjfx\cache\19+11\amd64\msvcp140_1.dll
0x00007ff971390000 - 0x00007ff9713c0000 	C:\Users\andraz\.openjfx\cache\19+11\amd64\msvcp140_2.dll
0x00007ff971280000 - 0x00007ff9712ac000 	C:\Users\andraz\.openjfx\cache\19+11\amd64\prism_d3d.dll
0x00007ff95d770000 - 0x00007ff95d93f000 	C:\WINDOWS\system32\d3d9.dll
0x00007ff9a32c0000 - 0x00007ff9a32ef000 	C:\WINDOWS\SYSTEM32\dwmapi.dll
0x00007ff9a2f40000 - 0x00007ff9a2fde000 	C:\WINDOWS\system32\uxtheme.dll
0x00007ff962450000 - 0x00007ff9625b5000 	C:\WINDOWS\System32\DriverStore\FileRepository\igdlh64.inf_amd64_5dc194ddcb559d66\igdumdim64.dll
0x00007ff9a71e0000 - 0x00007ff9a730a000 	C:\WINDOWS\System32\ole32.dll
0x00007ff907d90000 - 0x00007ff90c58d000 	C:\WINDOWS\System32\DriverStore\FileRepository\igdlh64.inf_amd64_5dc194ddcb559d66\igd9dxva64.dll
0x00007ff9a7100000 - 0x00007ff9a71cd000 	C:\WINDOWS\System32\OLEAUT32.dll
0x00007ff9a6880000 - 0x00007ff9a6cef000 	C:\WINDOWS\System32\SETUPAPI.dll
0x00007ff9a61f0000 - 0x00007ff9a623e000 	C:\WINDOWS\System32\cfgmgr32.dll
0x00007ff9a5990000 - 0x00007ff9a59b7000 	C:\WINDOWS\System32\bcrypt.dll
0x00007ff9899d0000 - 0x00007ff989c27000 	C:\WINDOWS\System32\DriverStore\FileRepository\igdlh64.inf_amd64_5dc194ddcb559d66\igdgmm64.dll
0x00007ff96a8d0000 - 0x00007ff96a912000 	C:\Users\andraz\.openjfx\cache\19+11\amd64\glass.dll
0x00007ff9a7fa0000 - 0x00007ff9a807a000 	C:\WINDOWS\System32\COMDLG32.dll
0x00007ff9a73d0000 - 0x00007ff9a74e5000 	C:\WINDOWS\System32\MSCTF.dll
0x00007ff94a280000 - 0x00007ff94a2a7000 	C:\WINDOWS\System32\DriverStore\FileRepository\igdlh64.inf_amd64_5dc194ddcb559d66\igdinfo64.dll
0x00007ff986b50000 - 0x00007ff989769000 	C:\WINDOWS\System32\DriverStore\FileRepository\igdlh64.inf_amd64_5dc194ddcb559d66\igc64.dll
0x00007ff9a02a0000 - 0x00007ff9a02db000 	C:\WINDOWS\SYSTEM32\dxcore.dll
0x00007ff980670000 - 0x00007ff980684000 	C:\Users\andraz\.openjfx\cache\19+11\amd64\javafx_font.dll
0x00007ff98a330000 - 0x00007ff98a5af000 	C:\WINDOWS\SYSTEM32\dwrite.dll
0x00007ff9a5280000 - 0x00007ff9a5298000 	C:\WINDOWS\SYSTEM32\CRYPTSP.dll
0x00007ff9a49c0000 - 0x00007ff9a49f4000 	C:\WINDOWS\system32\rsaenh.dll
0x00007ff9a5890000 - 0x00007ff9a58be000 	C:\WINDOWS\SYSTEM32\USERENV.dll
0x00007ff9a51b0000 - 0x00007ff9a51bc000 	C:\WINDOWS\SYSTEM32\CRYPTBASE.dll
0x00007ff9a4d30000 - 0x00007ff9a4d6b000 	C:\WINDOWS\SYSTEM32\IPHLPAPI.DLL
0x00007ff9a71d0000 - 0x00007ff9a71d8000 	C:\WINDOWS\System32\NSI.dll
0x00007ff99ed10000 - 0x00007ff99ed27000 	C:\WINDOWS\SYSTEM32\dhcpcsvc6.DLL
0x00007ff99ef10000 - 0x00007ff99ef2d000 	C:\WINDOWS\SYSTEM32\dhcpcsvc.DLL
0x00007ff9a4d70000 - 0x00007ff9a4e3a000 	C:\WINDOWS\SYSTEM32\DNSAPI.dll

dbghelp: loaded successfully - version: 4.0.5 - missing functions: none
symbol engine: initialized successfully - sym options: 0x614 - pdb path: .;C:\Users\andraz\.jdks\corretto-17.0.6\bin;C:\WINDOWS\SYSTEM32;C:\WINDOWS\WinSxS\amd64_microsoft.windows.common-controls_6595b64144ccf1df_6.0.19041.1110_none_60b5254171f9507e;C:\Users\andraz\.jdks\corretto-17.0.6\bin\server;C:\Program Files\JetBrains\IntelliJ IDEA 2022.3.2\bin;C:\Users\andraz\.openjfx\cache\19+11\amd64;C:\WINDOWS\System32\DriverStore\FileRepository\igdlh64.inf_amd64_5dc194ddcb559d66

VM Arguments:
jvm_args: -javaagent:C:\Program Files\JetBrains\IntelliJ IDEA 2022.3.2\lib\idea_rt.jar=63914:C:\Program Files\JetBrains\IntelliJ IDEA 2022.3.2\bin -Dfile.encoding=UTF-8 --module-path=C:\Users\andraz\.m2\repository\org\kordamp\bootstrapfx\bootstrapfx-core\0.4.0\bootstrapfx-core-0.4.0.jar;C:\Users\andraz\.m2\repository\org\openjfx\javafx-graphics\19\javafx-graphics-19-win.jar;C:\Users\andraz\.m2\repository\org\openjfx\javafx-fxml\19\javafx-fxml-19-win.jar;C:\Users\andraz\.m2\repository\org\openjfx\javafx-base\19\javafx-base-19-win.jar;C:\Users\andraz\.m2\repository\com\dlsc\formsfx\formsfx-core\11.5.0\formsfx-core-11.5.0.jar;C:\Users\andraz\.m2\repository\org\openjfx\javafx-controls\19\javafx-controls-19-win.jar;C:\Users\andraz\Desktop\music_projekt\target\classes;C:\Users\andraz\.m2\repository\org\controlsfx\controlsfx\11.1.2\controlsfx-11.1.2.jar;C:\Users\andraz\.m2\repository\org\kordamp\ikonli\ikonli-core\12.3.1\ikonli-core-12.3.1.jar;C:\Users\andraz\.m2\repository\org\kordamp\ikonli\ikonli-javafx\12.3.1\ikonli-javafx-12.3.1.jar;C:\Users\andraz\.m2\repository\net\synedra\validatorfx\0.4.0\validatorfx-0.4.0.jar -Djdk.module.main=com.example.music_projekt 
java_command: com.example.music_projekt/com.example.music_projekt.Main --module-path C:\Program Files\Java\javafx-sdk-19\lib --add-modules javafx.controls,javafx.fxml
java_class_path (initial): C:\Users\andraz\.m2\repository\org\openjfx\javafx-controls\19\javafx-controls-19.jar;C:\Users\andraz\.m2\repository\org\openjfx\javafx-graphics\19\javafx-graphics-19.jar;C:\Users\andraz\.m2\repository\org\openjfx\javafx-base\19\javafx-base-19.jar;C:\Users\andraz\.m2\repository\org\openjfx\javafx-fxml\19\javafx-fxml-19.jar;C:\Users\andraz\.m2\repository\de\jensd\fontawesomefx-fontawesome\4.7.0-9.1.2\fontawesomefx-fontawesome-4.7.0-9.1.2.jar;C:\Users\andraz\.m2\repository\de\jensd\fontawesomefx-commons\9.1.2\fontawesomefx-commons-9.1.2.jar;C:\Users\andraz\Desktop\music_projekt\src\main\java\com\example\music_projekt\postgresql-42.5.1.jar
Launcher Type: SUN_STANDARD

[Global flags]
     intx CICompilerCount                          = 4                                         {product} {ergonomic}
     uint ConcGCThreads                            = 2                                         {product} {ergonomic}
     uint G1ConcRefinementThreads                  = 8                                         {product} {ergonomic}
   size_t G1HeapRegionSize                         = 2097152                                   {product} {ergonomic}
    uintx GCDrainStackTargetSize                   = 64                                        {product} {ergonomic}
   size_t InitialHeapSize                          = 268435456                                 {product} {ergonomic}
   size_t MarkStackSize                            = 4194304                                   {product} {ergonomic}
   size_t MaxHeapSize                              = 4269801472                                {product} {ergonomic}
   size_t MaxNewSize                               = 2560622592                                {product} {ergonomic}
   size_t MinHeapDeltaBytes                        = 2097152                                   {product} {ergonomic}
   size_t MinHeapSize                              = 8388608                                   {product} {ergonomic}
    uintx NonNMethodCodeHeapSize                   = 5839372                                {pd product} {ergonomic}
    uintx NonProfiledCodeHeapSize                  = 122909434                              {pd product} {ergonomic}
    uintx ProfiledCodeHeapSize                     = 122909434                              {pd product} {ergonomic}
    uintx ReservedCodeCacheSize                    = 251658240                              {pd product} {ergonomic}
     bool SegmentedCodeCache                       = true                                      {product} {ergonomic}
   size_t SoftMaxHeapSize                          = 4269801472                             {manageable} {ergonomic}
     bool UseCompressedClassPointers               = true                           {product lp64_product} {ergonomic}
     bool UseCompressedOops                        = true                           {product lp64_product} {ergonomic}
     bool UseG1GC                                  = true                                      {product} {ergonomic}
     bool UseLargePagesIndividualAllocation        = false                                  {pd product} {ergonomic}

Logging:
Log output configuration:
 #0: stdout all=warning uptime,level,tags
 #1: stderr all=off uptime,level,tags

Environment Variables:
JAVA_HOME=C:\Program Files (x86)\Java\jdk1.8.0_311
PATH=C:\Program Files (x86)\Java\jdk1.8.0_311;C:\Program Files (x86)\Common Files\Intel\Shared Libraries\redist\intel64\compiler;C:\WINDOWS\system32;C:\WINDOWS;C:\WINDOWS\System32\Wbem;C:\WINDOWS\System32\WindowsPowerShell\v1.0\;C:\WINDOWS\System32\OpenSSH\;C:\Program Files (x86)\Intel\Intel(R) Management Engine Components\DAL;C:\Program Files\Intel\Intel(R) Management Engine Components\DAL;C:\Program Files\dotnet\;C:\Program Files\Microsoft SQL Server\130\Tools\Binn\;C:\Program Files\Microsoft SQL Server\Client SDK\ODBC\170\Tools\Binn\;C:\Program Files\nodejs\;C:\Program Files\Git\cmd;C:\Gradle\gradle-2.14.1\bin;C:\Users\andraz\AppData\Local\Programs\Python\Python38-32\Scripts\;C:\Users\andraz\AppData\Local\Programs\Python\Python38-32\;C:\Users\andraz\AppData\Local\Microsoft\WindowsApps;C:\Users\andraz\.dotnet\tools;C:\Users\andraz\AppData\Roaming\npm;C:\Users\andraz\AppData\Local\Programs\Microsoft VS Code\bin;C:\Program Files (x86)\Java\jdk1.8.0_311;C:\Gradle\gradle-2.14.1\bin;
USERNAME=andraz
OS=Windows_NT
PROCESSOR_IDENTIFIER=Intel64 Family 6 Model 142 Stepping 10, GenuineIntel
TMP=C:\Users\andraz\AppData\Local\Temp
TEMP=C:\Users\andraz\AppData\Local\Temp



---------------  S Y S T E M  ---------------

OS:
 Windows 10 , 64 bit Build 19041 (10.0.19041.1889)
OS uptime: 177 days 19:27 hours
Hyper-V role detected

CPU: total 8 (initial active 8) (4 cores per cpu, 2 threads per core) family 6 model 142 stepping 10 microcode 0xf0, cx8, cmov, fxsr, ht, mmx, 3dnowpref, sse, sse2, sse3, ssse3, sse4.1, sse4.2, popcnt, lzcnt, tsc, tscinvbit, avx, avx2, aes, erms, clmul, bmi1, bmi2, adx, fma, vzeroupper, clflush, clflushopt, hv

Memory: 4k page, system-wide physical 16281M (569M free)
TotalPageFile size 44932M (AvailPageFile size 0M)
current process WorkingSet (physical memory assigned to process): 119M, peak: 119M
current process commit charge ("private bytes"): 400M, peak: 401M

vm_info: OpenJDK 64-Bit Server VM (17.0.6+10-LTS) for windows-amd64 JRE (17.0.6+10-LTS), built on Jan 13 2023 22:57:04 by "Administrator" with MS VC++ 15.9 (VS2017)

END.
