#
# There is insufficient memory for the Java Runtime Environment to continue.
# Native memory allocation (mmap) failed to map 65536 bytes for Failed to commit metaspace.
# Possible reasons:
#   The system is out of physical RAM or swap space
#   The process is running with CompressedOops enabled, and the Java Heap may be blocking the growth of the native heap
# Possible solutions:
#   Reduce memory load on the system
#   Increase physical memory or swap space
#   Check if swap backing store is full
#   Decrease Java heap size (-Xmx/-Xms)
#   Decrease number of Java threads
#   Decrease Java thread stack sizes (-Xss)
#   Set larger code cache with -XX:ReservedCodeCacheSize=
#   JVM is running with Zero Based Compressed Oops mode in which the Java heap is
#     placed in the first 32GB address space. The Java Heap base address is the
#     maximum limit for the native heap growth. Please use -XX:HeapBaseMinAddress
#     to set the Java Heap base and to place the Java Heap above 32GB virtual address.
# This output file may be truncated or incomplete.
#
#  Out of Memory Error (virtualSpaceNode.cpp:110), pid=54032, tid=21636
#
# JRE version: OpenJDK Runtime Environment Corretto-17.0.6.10.1 (17.0.6+10) (build 17.0.6+10-LTS)
# Java VM: OpenJDK 64-Bit Server VM Corretto-17.0.6.10.1 (17.0.6+10-LTS, mixed mode, sharing, tiered, compressed oops, compressed class ptrs, g1 gc, windows-amd64)
# No core dump will be written. Minidumps are not enabled by default on client versions of Windows
#

---------------  S U M M A R Y ------------

Command Line: -javaagent:C:\Program Files\JetBrains\IntelliJ IDEA 2022.3.2\lib\idea_rt.jar=64900:C:\Program Files\JetBrains\IntelliJ IDEA 2022.3.2\bin -Dfile.encoding=UTF-8 --module-path=C:\Users\andraz\.m2\repository\org\kordamp\ikonli\ikonli-core\12.3.1\ikonli-core-12.3.1.jar;C:\Users\andraz\.m2\repository\org\openjfx\javafx-controls\19\javafx-controls-19-win.jar;C:\Users\andraz\.m2\repository\com\dlsc\formsfx\formsfx-core\11.5.0\formsfx-core-11.5.0.jar;C:\Users\andraz\.m2\repository\org\openjfx\javafx-base\19\javafx-base-19-win.jar;C:\Users\andraz\.m2\repository\net\synedra\validatorfx\0.4.0\validatorfx-0.4.0.jar;C:\Users\andraz\.m2\repository\org\openjfx\javafx-fxml\19\javafx-fxml-19-win.jar;C:\Users\andraz\.m2\repository\org\controlsfx\controlsfx\11.1.2\controlsfx-11.1.2.jar;C:\Users\andraz\.m2\repository\org\kordamp\bootstrapfx\bootstrapfx-core\0.4.0\bootstrapfx-core-0.4.0.jar;C:\Users\andraz\.m2\repository\org\kordamp\ikonli\ikonli-javafx\12.3.1\ikonli-javafx-12.3.1.jar;C:\Users\andraz\Desktop\music_projekt\target\classes;C:\Users\andraz\.m2\repository\org\openjfx\javafx-graphics\19\javafx-graphics-19-win.jar -Djdk.module.main=com.example.music_projekt com.example.music_projekt/com.example.music_projekt.Main --module-path C:\Program Files\Java\javafx-sdk-19\lib --add-modules javafx.controls,javafx.fxml

Host: Intel(R) Core(TM) i7-8550U CPU @ 1.80GHz, 8 cores, 15G,  Windows 10 , 64 bit Build 19041 (10.0.19041.1889)
Time: Sun Feb 12 00:14:10 2023 Central Europe Standard Time elapsed time: 0.990819 seconds (0d 0h 0m 0s)

---------------  T H R E A D  ---------------

Current thread (0x0000023064e5eb00):  JavaThread "JavaFX Application Thread" [_thread_in_vm, id=21636, stack(0x00000038cb100000,0x00000038cb200000)]

Stack: [0x00000038cb100000,0x00000038cb200000]
Native frames: (J=compiled Java code, j=interpreted, Vv=VM code, C=native code)
V  [jvm.dll+0x64b39a]
V  [jvm.dll+0x7ff044]
V  [jvm.dll+0x8007fe]
V  [jvm.dll+0x800e53]
V  [jvm.dll+0x235848]
V  [jvm.dll+0x7fb10b]
V  [jvm.dll+0x5f23a6]
V  [jvm.dll+0x1b4e8e]
V  [jvm.dll+0x5f4bf4]
V  [jvm.dll+0x5f2d5d]
V  [jvm.dll+0x602ff9]
V  [jvm.dll+0x5fc51e]
V  [jvm.dll+0x36a861]
C  0x000002304f77c727

Java frames: (J=compiled Java code, j=interpreted, Vv=VM code)
j  com.sun.javafx.collections.VetoableListDecorator.addListener(Ljavafx/collections/ListChangeListener;)V+0 javafx.base@19
j  javafx.collections.FXCollections$UnmodifiableObservableListImpl.<init>(Ljavafx/collections/ObservableList;)V+34 javafx.base@19
j  javafx.collections.FXCollections.unmodifiableObservableList(Ljavafx/collections/ObservableList;)Ljavafx/collections/ObservableList;+17 javafx.base@19
j  javafx.scene.Parent.<init>()V+72 javafx.graphics@19
j  javafx.scene.layout.Region.<init>()V+1 javafx.graphics@19
j  javafx.scene.layout.Pane.<init>()V+1 javafx.graphics@19
j  javafx.scene.layout.BorderPane.<init>()V+1 javafx.graphics@19
v  ~StubRoutines::call_stub
j  jdk.internal.reflect.NativeConstructorAccessorImpl.newInstance0(Ljava/lang/reflect/Constructor;[Ljava/lang/Object;)Ljava/lang/Object;+0 java.base@17.0.6
j  jdk.internal.reflect.NativeConstructorAccessorImpl.newInstance([Ljava/lang/Object;)Ljava/lang/Object;+118 java.base@17.0.6
j  jdk.internal.reflect.DelegatingConstructorAccessorImpl.newInstance([Ljava/lang/Object;)Ljava/lang/Object;+5 java.base@17.0.6
j  java.lang.reflect.Constructor.newInstanceWithCaller([Ljava/lang/Object;ZLjava/lang/Class;)Ljava/lang/Object;+65 java.base@17.0.6
j  java.lang.reflect.Constructor.newInstance([Ljava/lang/Object;)Ljava/lang/Object;+30 java.base@17.0.6
j  javafx.fxml.FXMLLoader$InstanceDeclarationElement.constructValue()Ljava/lang/Object;+190 javafx.fxml@19
j  javafx.fxml.FXMLLoader$ValueElement.processStartElement()V+6 javafx.fxml@19
j  javafx.fxml.FXMLLoader.processStartElement()V+8 javafx.fxml@19
j  javafx.fxml.FXMLLoader.loadImpl(Ljava/io/InputStream;Ljava/lang/Class;)Ljava/lang/Object;+207 javafx.fxml@19
j  javafx.fxml.FXMLLoader.loadImpl(Ljava/lang/Class;)Ljava/lang/Object;+31 javafx.fxml@19
j  javafx.fxml.FXMLLoader.loadImpl(Ljava/net/URL;Ljava/util/ResourceBundle;Ljavafx/util/BuilderFactory;Ljavafx/util/Callback;Ljava/nio/charset/Charset;Ljava/lang/Class;)Ljava/lang/Object;+34 javafx.fxml@19
j  javafx.fxml.FXMLLoader.loadImpl(Ljava/net/URL;Ljava/util/ResourceBundle;Ljavafx/util/BuilderFactory;Ljavafx/util/Callback;Ljava/lang/Class;)Ljava/lang/Object;+11 javafx.fxml@19
j  javafx.fxml.FXMLLoader.loadImpl(Ljava/net/URL;Ljava/util/ResourceBundle;Ljavafx/util/BuilderFactory;Ljava/lang/Class;)Ljava/lang/Object;+5 javafx.fxml@19
j  javafx.fxml.FXMLLoader.loadImpl(Ljava/net/URL;Ljava/util/ResourceBundle;Ljava/lang/Class;)Ljava/lang/Object;+4 javafx.fxml@19
j  javafx.fxml.FXMLLoader.loadImpl(Ljava/net/URL;Ljava/lang/Class;)Ljava/lang/Object;+3 javafx.fxml@19
j  javafx.fxml.FXMLLoader.load(Ljava/net/URL;)Ljava/lang/Object;+17 javafx.fxml@19
j  com.example.music_projekt.Main.start(Ljavafx/stage/Stage;)V+18 com.example.music_projekt
j  com.sun.javafx.application.LauncherImpl.lambda$launchApplication1$9(Ljava/util/concurrent/atomic/AtomicBoolean;Ljavafx/application/Application;)V+20 javafx.graphics@19
j  com.sun.javafx.application.LauncherImpl$$Lambda$109+0x0000000800c3e440.run()V+8 javafx.graphics@19
j  com.sun.javafx.application.PlatformImpl.lambda$runAndWait$12(Ljava/lang/Runnable;Ljava/util/concurrent/CountDownLatch;)V+1 javafx.graphics@19
j  com.sun.javafx.application.PlatformImpl$$Lambda$89+0x0000000800c39978.run()V+8 javafx.graphics@19
j  com.sun.javafx.application.PlatformImpl.lambda$runLater$10(Ljava/lang/Runnable;)Ljava/lang/Void;+1 javafx.graphics@19
j  com.sun.javafx.application.PlatformImpl$$Lambda$91+0x0000000800c3ade8.run()Ljava/lang/Object;+4 javafx.graphics@19
J 856 c1 java.security.AccessController.executePrivileged(Ljava/security/PrivilegedAction;Ljava/security/AccessControlContext;Ljava/lang/Class;)Ljava/lang/Object; java.base@17.0.6 (65 bytes) @ 0x000002304838b0bc [0x000002304838af60+0x000000000000015c]
j  java.security.AccessController.doPrivileged(Ljava/security/PrivilegedAction;Ljava/security/AccessControlContext;)Ljava/lang/Object;+13 java.base@17.0.6
j  com.sun.javafx.application.PlatformImpl.lambda$runLater$11(Ljava/lang/Runnable;Ljava/security/AccessControlContext;)V+7 javafx.graphics@19
j  com.sun.javafx.application.PlatformImpl$$Lambda$90+0x0000000800c39b98.run()V+8 javafx.graphics@19
j  com.sun.glass.ui.InvokeLaterDispatcher$Future.run()V+4 javafx.graphics@19
v  ~StubRoutines::call_stub
j  com.sun.glass.ui.win.WinApplication._runLoop(Ljava/lang/Runnable;)V+0 javafx.graphics@19
j  com.sun.glass.ui.win.WinApplication.lambda$runLoop$3(ILjava/lang/Runnable;)V+8 javafx.graphics@19
j  com.sun.glass.ui.win.WinApplication$$Lambda$79+0x0000000800c2d800.run()V+12 javafx.graphics@19
j  java.lang.Thread.run()V+11 java.base@17.0.6
v  ~StubRoutines::call_stub

---------------  P R O C E S S  ---------------

Threads class SMR info:
_java_thread_list=0x0000023064ea8c20, length=18, elements={
0x000002304073f100, 0x00000230637111e0, 0x0000023063712050, 0x0000023063720e00,
0x00000230637237c0, 0x0000023063724170, 0x0000023063724b20, 0x0000023063728d00,
0x0000023063735bc0, 0x0000023064110060, 0x00000230636fa1d0, 0x000002306456db90,
0x00000230647901f0, 0x0000023064c26110, 0x0000023064e60eb0, 0x0000023064e5eb00,
0x0000023064d81260, 0x0000023064e8b520
}

Java Threads: ( => current thread )
  0x000002304073f100 JavaThread "main" [_thread_blocked, id=45300, stack(0x00000038c9b00000,0x00000038c9c00000)]
  0x00000230637111e0 JavaThread "Reference Handler" daemon [_thread_blocked, id=33124, stack(0x00000038ca200000,0x00000038ca300000)]
  0x0000023063712050 JavaThread "Finalizer" daemon [_thread_blocked, id=43516, stack(0x00000038ca300000,0x00000038ca400000)]
  0x0000023063720e00 JavaThread "Signal Dispatcher" daemon [_thread_blocked, id=8088, stack(0x00000038ca400000,0x00000038ca500000)]
  0x00000230637237c0 JavaThread "Attach Listener" daemon [_thread_blocked, id=17920, stack(0x00000038ca500000,0x00000038ca600000)]
  0x0000023063724170 JavaThread "Service Thread" daemon [_thread_blocked, id=11072, stack(0x00000038ca600000,0x00000038ca700000)]
  0x0000023063724b20 JavaThread "Monitor Deflation Thread" daemon [_thread_blocked, id=36024, stack(0x00000038ca700000,0x00000038ca800000)]
  0x0000023063728d00 JavaThread "C2 CompilerThread0" daemon [_thread_blocked, id=47188, stack(0x00000038ca800000,0x00000038ca900000)]
  0x0000023063735bc0 JavaThread "C1 CompilerThread0" daemon [_thread_blocked, id=32880, stack(0x00000038ca900000,0x00000038caa00000)]
  0x0000023064110060 JavaThread "Sweeper thread" daemon [_thread_blocked, id=21300, stack(0x00000038caa00000,0x00000038cab00000)]
  0x00000230636fa1d0 JavaThread "Common-Cleaner" daemon [_thread_blocked, id=36680, stack(0x00000038cab00000,0x00000038cac00000)]
  0x000002306456db90 JavaThread "Monitor Ctrl-Break" daemon [_thread_in_native, id=40628, stack(0x00000038cae00000,0x00000038caf00000)]
  0x00000230647901f0 JavaThread "Notification Thread" daemon [_thread_blocked, id=26108, stack(0x00000038caf00000,0x00000038cb000000)]
  0x0000023064c26110 JavaThread "QuantumRenderer-0" daemon [_thread_blocked, id=16704, stack(0x00000038cac00000,0x00000038cad00000)]
  0x0000023064e60eb0 JavaThread "InvokeLaterDispatcher" daemon [_thread_blocked, id=40220, stack(0x00000038cad00000,0x00000038cae00000)]
=>0x0000023064e5eb00 JavaThread "JavaFX Application Thread" [_thread_in_vm, id=21636, stack(0x00000038cb100000,0x00000038cb200000)]
  0x0000023064d81260 JavaThread "JavaFX-Launcher" [_thread_blocked, id=34748, stack(0x00000038cb300000,0x00000038cb400000)]
  0x0000023064e8b520 JavaThread "Thread-2" daemon [_thread_in_native, id=1460, stack(0x00000038cb200000,0x00000038cb300000)]

Other Threads:
  0x000002306370bd20 VMThread "VM Thread" [stack: 0x00000038ca100000,0x00000038ca200000] [id=44688]
  0x00000230407cb4d0 WatcherThread [stack: 0x00000038cb000000,0x00000038cb100000] [id=42424]
  0x00000230407a5a30 GCTaskThread "GC Thread#0" [stack: 0x00000038c9c00000,0x00000038c9d00000] [id=3684]
  0x0000023064da8030 GCTaskThread "GC Thread#1" [stack: 0x00000038cb400000,0x00000038cb500000] [id=51112]
  0x0000023064dd9810 GCTaskThread "GC Thread#2" [stack: 0x00000038cb500000,0x00000038cb600000] [id=16404]
  0x0000023064ee7040 GCTaskThread "GC Thread#3" [stack: 0x00000038cb600000,0x00000038cb700000] [id=18572]
  0x0000023064ee72f0 GCTaskThread "GC Thread#4" [stack: 0x00000038cb700000,0x00000038cb800000] [id=20444]
  0x0000023064cfd460 GCTaskThread "GC Thread#5" [stack: 0x00000038cb800000,0x00000038cb900000] [id=48036]
  0x000002303e58eba0 ConcurrentGCThread "G1 Main Marker" [stack: 0x00000038c9d00000,0x00000038c9e00000] [id=37268]
  0x00000230407b82f0 ConcurrentGCThread "G1 Conc#0" [stack: 0x00000038c9e00000,0x00000038c9f00000] [id=46824]
  0x00000230635c20d0 ConcurrentGCThread "G1 Refine#0" [stack: 0x00000038c9f00000,0x00000038ca000000] [id=33728]
  0x00000230635c2af0 ConcurrentGCThread "G1 Service" [stack: 0x00000038ca000000,0x00000038ca100000] [id=9036]

Threads with active compile tasks:

VM state: not at safepoint (normal execution)

VM Mutex/Monitor currently owned by a thread:  ([mutex/lock_event])
[0x00000230407393d0] Metaspace_lock - owner thread: 0x0000023064e5eb00

Heap address: 0x0000000701800000, size: 4072 MB, Compressed Oops mode: Zero based, Oop shift amount: 3

CDS archive(s) mapped at: [0x0000000800000000-0x0000000800bc0000-0x0000000800bc0000), size 12320768, SharedBaseAddress: 0x0000000800000000, ArchiveRelocationMode: 0.
Compressed class space mapped at: 0x0000000800c00000-0x0000000840c00000, reserved size: 1073741824
Narrow klass base: 0x0000000800000000, Narrow klass shift: 0, Narrow klass range: 0x100000000

GC Precious Log:
 CPUs: 8 total, 8 available
 Memory: 16281M
 Large Page Support: Disabled
 NUMA Support: Disabled
 Compressed Oops: Enabled (Zero based)
 Heap Region Size: 2M
 Heap Min Capacity: 8M
 Heap Initial Capacity: 256M
 Heap Max Capacity: 4072M
 Pre-touch: Disabled
 Parallel Workers: 8
 Concurrent Workers: 2
 Concurrent Refinement Workers: 8
 Periodic GC: Disabled

Heap:
 garbage-first heap   total 262144K, used 4804K [0x0000000701800000, 0x0000000800000000)
  region size 2048K, 4 young (8192K), 2 survivors (4096K)
 Metaspace       used 6736K, committed 6848K, reserved 1056768K
  class space    used 831K, committed 896K, reserved 1048576K

Heap Regions: E=young(eden), S=young(survivor), O=old, HS=humongous(starts), HC=humongous(continues), CS=collection set, F=free, OA=open archive, CA=closed archive, TAMS=top-at-mark-start (previous, next)
|   0|0x0000000701800000, 0x0000000701800000, 0x0000000701a00000|  0%| F|  |TAMS 0x0000000701800000, 0x0000000701800000| Untracked 
|   1|0x0000000701a00000, 0x0000000701a00000, 0x0000000701c00000|  0%| F|  |TAMS 0x0000000701a00000, 0x0000000701a00000| Untracked 
|   2|0x0000000701c00000, 0x0000000701c00000, 0x0000000701e00000|  0%| F|  |TAMS 0x0000000701c00000, 0x0000000701c00000| Untracked 
|   3|0x0000000701e00000, 0x0000000701e00000, 0x0000000702000000|  0%| F|  |TAMS 0x0000000701e00000, 0x0000000701e00000| Untracked 
|   4|0x0000000702000000, 0x0000000702000000, 0x0000000702200000|  0%| F|  |TAMS 0x0000000702000000, 0x0000000702000000| Untracked 
|   5|0x0000000702200000, 0x0000000702200000, 0x0000000702400000|  0%| F|  |TAMS 0x0000000702200000, 0x0000000702200000| Untracked 
|   6|0x0000000702400000, 0x0000000702400000, 0x0000000702600000|  0%| F|  |TAMS 0x0000000702400000, 0x0000000702400000| Untracked 
|   7|0x0000000702600000, 0x0000000702600000, 0x0000000702800000|  0%| F|  |TAMS 0x0000000702600000, 0x0000000702600000| Untracked 
|   8|0x0000000702800000, 0x0000000702800000, 0x0000000702a00000|  0%| F|  |TAMS 0x0000000702800000, 0x0000000702800000| Untracked 
|   9|0x0000000702a00000, 0x0000000702a00000, 0x0000000702c00000|  0%| F|  |TAMS 0x0000000702a00000, 0x0000000702a00000| Untracked 
|  10|0x0000000702c00000, 0x0000000702c00000, 0x0000000702e00000|  0%| F|  |TAMS 0x0000000702c00000, 0x0000000702c00000| Untracked 
|  11|0x0000000702e00000, 0x0000000702e00000, 0x0000000703000000|  0%| F|  |TAMS 0x0000000702e00000, 0x0000000702e00000| Untracked 
|  12|0x0000000703000000, 0x0000000703000000, 0x0000000703200000|  0%| F|  |TAMS 0x0000000703000000, 0x0000000703000000| Untracked 
|  13|0x0000000703200000, 0x0000000703200000, 0x0000000703400000|  0%| F|  |TAMS 0x0000000703200000, 0x0000000703200000| Untracked 
|  14|0x0000000703400000, 0x0000000703400000, 0x0000000703600000|  0%| F|  |TAMS 0x0000000703400000, 0x0000000703400000| Untracked 
|  15|0x0000000703600000, 0x0000000703600000, 0x0000000703800000|  0%| F|  |TAMS 0x0000000703600000, 0x0000000703600000| Untracked 
|  16|0x0000000703800000, 0x0000000703800000, 0x0000000703a00000|  0%| F|  |TAMS 0x0000000703800000, 0x0000000703800000| Untracked 
|  17|0x0000000703a00000, 0x0000000703a00000, 0x0000000703c00000|  0%| F|  |TAMS 0x0000000703a00000, 0x0000000703a00000| Untracked 
|  18|0x0000000703c00000, 0x0000000703c00000, 0x0000000703e00000|  0%| F|  |TAMS 0x0000000703c00000, 0x0000000703c00000| Untracked 
|  19|0x0000000703e00000, 0x0000000703e00000, 0x0000000704000000|  0%| F|  |TAMS 0x0000000703e00000, 0x0000000703e00000| Untracked 
|  20|0x0000000704000000, 0x0000000704000000, 0x0000000704200000|  0%| F|  |TAMS 0x0000000704000000, 0x0000000704000000| Untracked 
|  21|0x0000000704200000, 0x0000000704200000, 0x0000000704400000|  0%| F|  |TAMS 0x0000000704200000, 0x0000000704200000| Untracked 
|  22|0x0000000704400000, 0x0000000704400000, 0x0000000704600000|  0%| F|  |TAMS 0x0000000704400000, 0x0000000704400000| Untracked 
|  23|0x0000000704600000, 0x0000000704600000, 0x0000000704800000|  0%| F|  |TAMS 0x0000000704600000, 0x0000000704600000| Untracked 
|  24|0x0000000704800000, 0x0000000704800000, 0x0000000704a00000|  0%| F|  |TAMS 0x0000000704800000, 0x0000000704800000| Untracked 
|  25|0x0000000704a00000, 0x0000000704a00000, 0x0000000704c00000|  0%| F|  |TAMS 0x0000000704a00000, 0x0000000704a00000| Untracked 
|  26|0x0000000704c00000, 0x0000000704c00000, 0x0000000704e00000|  0%| F|  |TAMS 0x0000000704c00000, 0x0000000704c00000| Untracked 
|  27|0x0000000704e00000, 0x0000000704e00000, 0x0000000705000000|  0%| F|  |TAMS 0x0000000704e00000, 0x0000000704e00000| Untracked 
|  28|0x0000000705000000, 0x0000000705000000, 0x0000000705200000|  0%| F|  |TAMS 0x0000000705000000, 0x0000000705000000| Untracked 
|  29|0x0000000705200000, 0x0000000705200000, 0x0000000705400000|  0%| F|  |TAMS 0x0000000705200000, 0x0000000705200000| Untracked 
|  30|0x0000000705400000, 0x0000000705400000, 0x0000000705600000|  0%| F|  |TAMS 0x0000000705400000, 0x0000000705400000| Untracked 
|  31|0x0000000705600000, 0x0000000705600000, 0x0000000705800000|  0%| F|  |TAMS 0x0000000705600000, 0x0000000705600000| Untracked 
|  32|0x0000000705800000, 0x0000000705800000, 0x0000000705a00000|  0%| F|  |TAMS 0x0000000705800000, 0x0000000705800000| Untracked 
|  33|0x0000000705a00000, 0x0000000705a00000, 0x0000000705c00000|  0%| F|  |TAMS 0x0000000705a00000, 0x0000000705a00000| Untracked 
|  34|0x0000000705c00000, 0x0000000705c00000, 0x0000000705e00000|  0%| F|  |TAMS 0x0000000705c00000, 0x0000000705c00000| Untracked 
|  35|0x0000000705e00000, 0x0000000705e00000, 0x0000000706000000|  0%| F|  |TAMS 0x0000000705e00000, 0x0000000705e00000| Untracked 
|  36|0x0000000706000000, 0x0000000706000000, 0x0000000706200000|  0%| F|  |TAMS 0x0000000706000000, 0x0000000706000000| Untracked 
|  37|0x0000000706200000, 0x0000000706200000, 0x0000000706400000|  0%| F|  |TAMS 0x0000000706200000, 0x0000000706200000| Untracked 
|  38|0x0000000706400000, 0x0000000706400000, 0x0000000706600000|  0%| F|  |TAMS 0x0000000706400000, 0x0000000706400000| Untracked 
|  39|0x0000000706600000, 0x0000000706600000, 0x0000000706800000|  0%| F|  |TAMS 0x0000000706600000, 0x0000000706600000| Untracked 
|  40|0x0000000706800000, 0x0000000706800000, 0x0000000706a00000|  0%| F|  |TAMS 0x0000000706800000, 0x0000000706800000| Untracked 
|  41|0x0000000706a00000, 0x0000000706a00000, 0x0000000706c00000|  0%| F|  |TAMS 0x0000000706a00000, 0x0000000706a00000| Untracked 
|  42|0x0000000706c00000, 0x0000000706c00000, 0x0000000706e00000|  0%| F|  |TAMS 0x0000000706c00000, 0x0000000706c00000| Untracked 
|  43|0x0000000706e00000, 0x0000000706e00000, 0x0000000707000000|  0%| F|  |TAMS 0x0000000706e00000, 0x0000000706e00000| Untracked 
|  44|0x0000000707000000, 0x0000000707000000, 0x0000000707200000|  0%| F|  |TAMS 0x0000000707000000, 0x0000000707000000| Untracked 
|  45|0x0000000707200000, 0x0000000707200000, 0x0000000707400000|  0%| F|  |TAMS 0x0000000707200000, 0x0000000707200000| Untracked 
|  46|0x0000000707400000, 0x0000000707400000, 0x0000000707600000|  0%| F|  |TAMS 0x0000000707400000, 0x0000000707400000| Untracked 
|  47|0x0000000707600000, 0x0000000707600000, 0x0000000707800000|  0%| F|  |TAMS 0x0000000707600000, 0x0000000707600000| Untracked 
|  48|0x0000000707800000, 0x0000000707800000, 0x0000000707a00000|  0%| F|  |TAMS 0x0000000707800000, 0x0000000707800000| Untracked 
|  49|0x0000000707a00000, 0x0000000707a00000, 0x0000000707c00000|  0%| F|  |TAMS 0x0000000707a00000, 0x0000000707a00000| Untracked 
|  50|0x0000000707c00000, 0x0000000707c00000, 0x0000000707e00000|  0%| F|  |TAMS 0x0000000707c00000, 0x0000000707c00000| Untracked 
|  51|0x0000000707e00000, 0x0000000707e00000, 0x0000000708000000|  0%| F|  |TAMS 0x0000000707e00000, 0x0000000707e00000| Untracked 
|  52|0x0000000708000000, 0x0000000708000000, 0x0000000708200000|  0%| F|  |TAMS 0x0000000708000000, 0x0000000708000000| Untracked 
|  53|0x0000000708200000, 0x0000000708200000, 0x0000000708400000|  0%| F|  |TAMS 0x0000000708200000, 0x0000000708200000| Untracked 
|  54|0x0000000708400000, 0x0000000708400000, 0x0000000708600000|  0%| F|  |TAMS 0x0000000708400000, 0x0000000708400000| Untracked 
|  55|0x0000000708600000, 0x0000000708600000, 0x0000000708800000|  0%| F|  |TAMS 0x0000000708600000, 0x0000000708600000| Untracked 
|  56|0x0000000708800000, 0x0000000708800000, 0x0000000708a00000|  0%| F|  |TAMS 0x0000000708800000, 0x0000000708800000| Untracked 
|  57|0x0000000708a00000, 0x0000000708a00000, 0x0000000708c00000|  0%| F|  |TAMS 0x0000000708a00000, 0x0000000708a00000| Untracked 
|  58|0x0000000708c00000, 0x0000000708c00000, 0x0000000708e00000|  0%| F|  |TAMS 0x0000000708c00000, 0x0000000708c00000| Untracked 
|  59|0x0000000708e00000, 0x0000000708e00000, 0x0000000709000000|  0%| F|  |TAMS 0x0000000708e00000, 0x0000000708e00000| Untracked 
|  60|0x0000000709000000, 0x0000000709000000, 0x0000000709200000|  0%| F|  |TAMS 0x0000000709000000, 0x0000000709000000| Untracked 
|  61|0x0000000709200000, 0x0000000709200000, 0x0000000709400000|  0%| F|  |TAMS 0x0000000709200000, 0x0000000709200000| Untracked 
|  62|0x0000000709400000, 0x0000000709400000, 0x0000000709600000|  0%| F|  |TAMS 0x0000000709400000, 0x0000000709400000| Untracked 
|  63|0x0000000709600000, 0x0000000709600000, 0x0000000709800000|  0%| F|  |TAMS 0x0000000709600000, 0x0000000709600000| Untracked 
|  64|0x0000000709800000, 0x0000000709800000, 0x0000000709a00000|  0%| F|  |TAMS 0x0000000709800000, 0x0000000709800000| Untracked 
|  65|0x0000000709a00000, 0x0000000709a00000, 0x0000000709c00000|  0%| F|  |TAMS 0x0000000709a00000, 0x0000000709a00000| Untracked 
|  66|0x0000000709c00000, 0x0000000709c00000, 0x0000000709e00000|  0%| F|  |TAMS 0x0000000709c00000, 0x0000000709c00000| Untracked 
|  67|0x0000000709e00000, 0x0000000709e00000, 0x000000070a000000|  0%| F|  |TAMS 0x0000000709e00000, 0x0000000709e00000| Untracked 
|  68|0x000000070a000000, 0x000000070a000000, 0x000000070a200000|  0%| F|  |TAMS 0x000000070a000000, 0x000000070a000000| Untracked 
|  69|0x000000070a200000, 0x000000070a200000, 0x000000070a400000|  0%| F|  |TAMS 0x000000070a200000, 0x000000070a200000| Untracked 
|  70|0x000000070a400000, 0x000000070a400000, 0x000000070a600000|  0%| F|  |TAMS 0x000000070a400000, 0x000000070a400000| Untracked 
|  71|0x000000070a600000, 0x000000070a600000, 0x000000070a800000|  0%| F|  |TAMS 0x000000070a600000, 0x000000070a600000| Untracked 
|  72|0x000000070a800000, 0x000000070a800000, 0x000000070aa00000|  0%| F|  |TAMS 0x000000070a800000, 0x000000070a800000| Untracked 
|  73|0x000000070aa00000, 0x000000070aa00000, 0x000000070ac00000|  0%| F|  |TAMS 0x000000070aa00000, 0x000000070aa00000| Untracked 
|  74|0x000000070ac00000, 0x000000070ac00000, 0x000000070ae00000|  0%| F|  |TAMS 0x000000070ac00000, 0x000000070ac00000| Untracked 
|  75|0x000000070ae00000, 0x000000070ae00000, 0x000000070b000000|  0%| F|  |TAMS 0x000000070ae00000, 0x000000070ae00000| Untracked 
|  76|0x000000070b000000, 0x000000070b000000, 0x000000070b200000|  0%| F|  |TAMS 0x000000070b000000, 0x000000070b000000| Untracked 
|  77|0x000000070b200000, 0x000000070b200000, 0x000000070b400000|  0%| F|  |TAMS 0x000000070b200000, 0x000000070b200000| Untracked 
|  78|0x000000070b400000, 0x000000070b400000, 0x000000070b600000|  0%| F|  |TAMS 0x000000070b400000, 0x000000070b400000| Untracked 
|  79|0x000000070b600000, 0x000000070b600000, 0x000000070b800000|  0%| F|  |TAMS 0x000000070b600000, 0x000000070b600000| Untracked 
|  80|0x000000070b800000, 0x000000070b800000, 0x000000070ba00000|  0%| F|  |TAMS 0x000000070b800000, 0x000000070b800000| Untracked 
|  81|0x000000070ba00000, 0x000000070ba00000, 0x000000070bc00000|  0%| F|  |TAMS 0x000000070ba00000, 0x000000070ba00000| Untracked 
|  82|0x000000070bc00000, 0x000000070bc00000, 0x000000070be00000|  0%| F|  |TAMS 0x000000070bc00000, 0x000000070bc00000| Untracked 
|  83|0x000000070be00000, 0x000000070be00000, 0x000000070c000000|  0%| F|  |TAMS 0x000000070be00000, 0x000000070be00000| Untracked 
|  84|0x000000070c000000, 0x000000070c000000, 0x000000070c200000|  0%| F|  |TAMS 0x000000070c000000, 0x000000070c000000| Untracked 
|  85|0x000000070c200000, 0x000000070c200000, 0x000000070c400000|  0%| F|  |TAMS 0x000000070c200000, 0x000000070c200000| Untracked 
|  86|0x000000070c400000, 0x000000070c400000, 0x000000070c600000|  0%| F|  |TAMS 0x000000070c400000, 0x000000070c400000| Untracked 
|  87|0x000000070c600000, 0x000000070c600000, 0x000000070c800000|  0%| F|  |TAMS 0x000000070c600000, 0x000000070c600000| Untracked 
|  88|0x000000070c800000, 0x000000070c800000, 0x000000070ca00000|  0%| F|  |TAMS 0x000000070c800000, 0x000000070c800000| Untracked 
|  89|0x000000070ca00000, 0x000000070ca00000, 0x000000070cc00000|  0%| F|  |TAMS 0x000000070ca00000, 0x000000070ca00000| Untracked 
|  90|0x000000070cc00000, 0x000000070cc00000, 0x000000070ce00000|  0%| F|  |TAMS 0x000000070cc00000, 0x000000070cc00000| Untracked 
|  91|0x000000070ce00000, 0x000000070ce00000, 0x000000070d000000|  0%| F|  |TAMS 0x000000070ce00000, 0x000000070ce00000| Untracked 
|  92|0x000000070d000000, 0x000000070d000000, 0x000000070d200000|  0%| F|  |TAMS 0x000000070d000000, 0x000000070d000000| Untracked 
|  93|0x000000070d200000, 0x000000070d200000, 0x000000070d400000|  0%| F|  |TAMS 0x000000070d200000, 0x000000070d200000| Untracked 
|  94|0x000000070d400000, 0x000000070d400000, 0x000000070d600000|  0%| F|  |TAMS 0x000000070d400000, 0x000000070d400000| Untracked 
|  95|0x000000070d600000, 0x000000070d600000, 0x000000070d800000|  0%| F|  |TAMS 0x000000070d600000, 0x000000070d600000| Untracked 
|  96|0x000000070d800000, 0x000000070d800000, 0x000000070da00000|  0%| F|  |TAMS 0x000000070d800000, 0x000000070d800000| Untracked 
|  97|0x000000070da00000, 0x000000070da00000, 0x000000070dc00000|  0%| F|  |TAMS 0x000000070da00000, 0x000000070da00000| Untracked 
|  98|0x000000070dc00000, 0x000000070dc00000, 0x000000070de00000|  0%| F|  |TAMS 0x000000070dc00000, 0x000000070dc00000| Untracked 
|  99|0x000000070de00000, 0x000000070de00000, 0x000000070e000000|  0%| F|  |TAMS 0x000000070de00000, 0x000000070de00000| Untracked 
| 100|0x000000070e000000, 0x000000070e000000, 0x000000070e200000|  0%| F|  |TAMS 0x000000070e000000, 0x000000070e000000| Untracked 
| 101|0x000000070e200000, 0x000000070e200000, 0x000000070e400000|  0%| F|  |TAMS 0x000000070e200000, 0x000000070e200000| Untracked 
| 102|0x000000070e400000, 0x000000070e400000, 0x000000070e600000|  0%| F|  |TAMS 0x000000070e400000, 0x000000070e400000| Untracked 
| 103|0x000000070e600000, 0x000000070e600000, 0x000000070e800000|  0%| F|  |TAMS 0x000000070e600000, 0x000000070e600000| Untracked 
| 104|0x000000070e800000, 0x000000070e800000, 0x000000070ea00000|  0%| F|  |TAMS 0x000000070e800000, 0x000000070e800000| Untracked 
| 105|0x000000070ea00000, 0x000000070ea00000, 0x000000070ec00000|  0%| F|  |TAMS 0x000000070ea00000, 0x000000070ea00000| Untracked 
| 106|0x000000070ec00000, 0x000000070ec00000, 0x000000070ee00000|  0%| F|  |TAMS 0x000000070ec00000, 0x000000070ec00000| Untracked 
| 107|0x000000070ee00000, 0x000000070ee00000, 0x000000070f000000|  0%| F|  |TAMS 0x000000070ee00000, 0x000000070ee00000| Untracked 
| 108|0x000000070f000000, 0x000000070f000000, 0x000000070f200000|  0%| F|  |TAMS 0x000000070f000000, 0x000000070f000000| Untracked 
| 109|0x000000070f200000, 0x000000070f200000, 0x000000070f400000|  0%| F|  |TAMS 0x000000070f200000, 0x000000070f200000| Untracked 
| 110|0x000000070f400000, 0x000000070f400000, 0x000000070f600000|  0%| F|  |TAMS 0x000000070f400000, 0x000000070f400000| Untracked 
| 111|0x000000070f600000, 0x000000070f600000, 0x000000070f800000|  0%| F|  |TAMS 0x000000070f600000, 0x000000070f600000| Untracked 
| 112|0x000000070f800000, 0x000000070f800000, 0x000000070fa00000|  0%| F|  |TAMS 0x000000070f800000, 0x000000070f800000| Untracked 
| 113|0x000000070fa00000, 0x000000070fa00000, 0x000000070fc00000|  0%| F|  |TAMS 0x000000070fa00000, 0x000000070fa00000| Untracked 
| 114|0x000000070fc00000, 0x000000070fc00000, 0x000000070fe00000|  0%| F|  |TAMS 0x000000070fc00000, 0x000000070fc00000| Untracked 
| 115|0x000000070fe00000, 0x000000070feb1200, 0x0000000710000000| 34%| S|CS|TAMS 0x000000070fe00000, 0x000000070fe00000| Complete 
| 116|0x0000000710000000, 0x0000000710200000, 0x0000000710200000|100%| S|CS|TAMS 0x0000000710000000, 0x0000000710000000| Complete 
| 117|0x0000000710200000, 0x0000000710200000, 0x0000000710400000|  0%| F|  |TAMS 0x0000000710200000, 0x0000000710200000| Untracked 
| 118|0x0000000710400000, 0x0000000710400000, 0x0000000710600000|  0%| F|  |TAMS 0x0000000710400000, 0x0000000710400000| Untracked 
| 119|0x0000000710600000, 0x0000000710600000, 0x0000000710800000|  0%| F|  |TAMS 0x0000000710600000, 0x0000000710600000| Untracked 
| 120|0x0000000710800000, 0x0000000710800000, 0x0000000710a00000|  0%| F|  |TAMS 0x0000000710800000, 0x0000000710800000| Untracked 
| 121|0x0000000710a00000, 0x0000000710a00000, 0x0000000710c00000|  0%| F|  |TAMS 0x0000000710a00000, 0x0000000710a00000| Untracked 
| 122|0x0000000710c00000, 0x0000000710c00000, 0x0000000710e00000|  0%| F|  |TAMS 0x0000000710c00000, 0x0000000710c00000| Untracked 
| 123|0x0000000710e00000, 0x0000000710e00000, 0x0000000711000000|  0%| F|  |TAMS 0x0000000710e00000, 0x0000000710e00000| Untracked 
| 124|0x0000000711000000, 0x0000000711000000, 0x0000000711200000|  0%| F|  |TAMS 0x0000000711000000, 0x0000000711000000| Untracked 
| 125|0x0000000711200000, 0x0000000711200000, 0x0000000711400000|  0%| F|  |TAMS 0x0000000711200000, 0x0000000711200000| Untracked 
| 126|0x0000000711400000, 0x00000007115d7db8, 0x0000000711600000| 92%| E|  |TAMS 0x0000000711400000, 0x0000000711400000| Complete 
| 127|0x0000000711600000, 0x0000000711800000, 0x0000000711800000|100%| E|CS|TAMS 0x0000000711600000, 0x0000000711600000| Complete 

Card table byte_map: [0x0000023057d70000,0x0000023058570000] _byte_map_base: 0x0000023054564000

Marking Bits (Prev, Next): (CMBitMap*) 0x00000230407a5ee0, (CMBitMap*) 0x00000230407a5f20
 Prev Bits: [0x0000023058d70000, 0x000002305cd10000)
 Next Bits: [0x000002305cd10000, 0x0000023060cb0000)

Polling page: 0x000002303e6d0000

Metaspace:

Usage:
  Non-class:      5.77 MB used.
      Class:    831.64 KB used.
       Both:      6.58 MB used.

Virtual space:
  Non-class space:        8.00 MB reserved,       5.81 MB ( 73%) committed,  1 nodes.
      Class space:        1.00 GB reserved,     896.00 KB ( <1%) committed,  1 nodes.
             Both:        1.01 GB reserved,       6.69 MB ( <1%) committed. 

Chunk freelists:
   Non-Class:  1.11 MB
       Class:  2.95 MB
        Both:  4.06 MB

MaxMetaspaceSize: unlimited
CompressedClassSpaceSize: 1.00 GB
Initial GC threshold: 21.00 MB
Current GC threshold: 21.00 MB
CDS: on
MetaspaceReclaimPolicy: balanced
 - commit_granule_bytes: 65536.
 - commit_granule_words: 8192.
 - virtual_space_node_default_size: 1048576.
 - enlarge_chunks_in_place: 1.
 - new_chunks_are_fully_committed: 0.
 - uncommit_free_chunks: 1.
 - use_allocation_guard: 0.
 - handle_deallocations: 1.


Internal statistics:

num_allocs_failed_limit: 0.
num_arena_births: 98.
num_arena_deaths: 0.
num_vsnodes_births: 2.
num_vsnodes_deaths: 0.
num_space_committed: 107.
num_space_uncommitted: 0.
num_chunks_returned_to_freelist: 0.
num_chunks_taken_from_freelist: 260.
num_chunk_merges: 0.
num_chunk_splits: 176.
num_chunks_enlarged: 134.
num_purges: 0.
num_inconsistent_stats: 0.

CodeHeap 'non-profiled nmethods': size=120000Kb used=334Kb max_used=334Kb free=119665Kb
 bounds [0x000002304fd10000, 0x000002304ff80000, 0x0000023057240000]
CodeHeap 'profiled nmethods': size=120000Kb used=1606Kb max_used=1606Kb free=118394Kb
 bounds [0x0000023048240000, 0x00000230484b0000, 0x000002304f770000]
CodeHeap 'non-nmethods': size=5760Kb used=1206Kb max_used=1221Kb free=4553Kb
 bounds [0x000002304f770000, 0x000002304f9e0000, 0x000002304fd10000]
 total_blobs=1508 nmethods=997 adapters=424
 compilation: enabled
              stopped_count=0, restarted_count=0
 full_count=0

Compilation events (20 events):
Event: 0.960 Thread 0x0000023063728d00  989       4       java.lang.AbstractStringBuilder::append (45 bytes)
Event: 0.960 Thread 0x0000023063735bc0  990   !   3       jdk.internal.loader.BuiltinClassLoader::defineClass (162 bytes)
Event: 0.963 Thread 0x0000023063735bc0 nmethod 990 0x00000230483c9f90 code [0x00000230483ca460, 0x00000230483ccc88]
Event: 0.963 Thread 0x0000023063735bc0  991       3       jdk.internal.module.ModuleReferences$JarModuleReader::implOpen (26 bytes)
Event: 0.964 Thread 0x0000023063735bc0 nmethod 991 0x00000230483cdf90 code [0x00000230483ce1c0, 0x00000230483cea78]
Event: 0.967 Thread 0x0000023063728d00 nmethod 989 0x000002304fd62190 code [0x000002304fd62340, 0x000002304fd62a28]
Event: 0.982 Thread 0x0000023063735bc0  992       3       java.lang.ref.ReferenceQueue::reallyPoll (65 bytes)
Event: 0.982 Thread 0x0000023063728d00  993       4       java.util.concurrent.ConcurrentHashMap::spread (10 bytes)
Event: 0.983 Thread 0x0000023063728d00 nmethod 993 0x000002304fd62e10 code [0x000002304fd62f80, 0x000002304fd62ff8]
Event: 0.983 Thread 0x0000023063735bc0 nmethod 992 0x00000230483ced90 code [0x00000230483cef60, 0x00000230483cf4b8]
Event: 0.983 Thread 0x0000023063735bc0  994       3       java.lang.invoke.DirectMethodHandle::preparedLambdaForm (31 bytes)
Event: 0.984 Thread 0x0000023063735bc0 nmethod 994 0x00000230483cf590 code [0x00000230483cf780, 0x00000230483cfc48]
Event: 0.984 Thread 0x0000023063735bc0  995       3       jdk.internal.org.objectweb.asm.MethodWriter::visitLabel (328 bytes)
Event: 0.984 Thread 0x0000023063728d00  996       4       java.lang.StringLatin1::newString (24 bytes)
Event: 0.984 Thread 0x0000023063735bc0 nmethod 995 0x00000230483cfe10 code [0x00000230483d0080, 0x00000230483d0ea8]
Event: 0.986 Thread 0x0000023063735bc0  997       3       java.lang.Enum::equals (11 bytes)
Event: 0.986 Thread 0x0000023063735bc0 nmethod 997 0x00000230483d1110 code [0x00000230483d12a0, 0x00000230483d1418]
Event: 0.986 Thread 0x0000023063735bc0  998       3       java.lang.invoke.MethodHandleNatives::findMethodHandleType (7 bytes)
Event: 0.986 Thread 0x0000023063735bc0 nmethod 998 0x00000230483d1490 code [0x00000230483d1620, 0x00000230483d1748]
Event: 0.987 Thread 0x0000023063728d00 nmethod 996 0x000002304fd63110 code [0x000002304fd632a0, 0x000002304fd63718]

GC Heap History (2 events):
Event: 0.940 GC heap before
{Heap before GC invocations=0 (full 0):
 garbage-first heap   total 262144K, used 20480K [0x0000000701800000, 0x0000000800000000)
  region size 2048K, 11 young (22528K), 0 survivors (0K)
 Metaspace       used 5777K, committed 5952K, reserved 1056768K
  class space    used 695K, committed 768K, reserved 1048576K
}
Event: 0.943 GC heap after
{Heap after GC invocations=1 (full 0):
 garbage-first heap   total 262144K, used 2756K [0x0000000701800000, 0x0000000800000000)
  region size 2048K, 2 young (4096K), 2 survivors (4096K)
 Metaspace       used 5777K, committed 5952K, reserved 1056768K
  class space    used 695K, committed 768K, reserved 1048576K
}

Dll operation events (20 events):
Event: 0.526 Loaded shared library C:\Users\andraz\.openjfx\cache\19+11\amd64\api-ms-win-crt-heap-l1-1-0.dll
Event: 0.530 Loaded shared library C:\Users\andraz\.openjfx\cache\19+11\amd64\api-ms-win-crt-locale-l1-1-0.dll
Event: 0.533 Loaded shared library C:\Users\andraz\.openjfx\cache\19+11\amd64\api-ms-win-crt-math-l1-1-0.dll
Event: 0.537 Loaded shared library C:\Users\andraz\.openjfx\cache\19+11\amd64\api-ms-win-crt-multibyte-l1-1-0.dll
Event: 0.542 Loaded shared library C:\Users\andraz\.openjfx\cache\19+11\amd64\api-ms-win-crt-private-l1-1-0.dll
Event: 0.546 Loaded shared library C:\Users\andraz\.openjfx\cache\19+11\amd64\api-ms-win-crt-process-l1-1-0.dll
Event: 0.550 Loaded shared library C:\Users\andraz\.openjfx\cache\19+11\amd64\api-ms-win-crt-runtime-l1-1-0.dll
Event: 0.554 Loaded shared library C:\Users\andraz\.openjfx\cache\19+11\amd64\api-ms-win-crt-stdio-l1-1-0.dll
Event: 0.558 Loaded shared library C:\Users\andraz\.openjfx\cache\19+11\amd64\api-ms-win-crt-string-l1-1-0.dll
Event: 0.563 Loaded shared library C:\Users\andraz\.openjfx\cache\19+11\amd64\api-ms-win-crt-time-l1-1-0.dll
Event: 0.566 Loaded shared library C:\Users\andraz\.openjfx\cache\19+11\amd64\api-ms-win-crt-utility-l1-1-0.dll
Event: 0.587 Loaded shared library C:\Users\andraz\.openjfx\cache\19+11\amd64\ucrtbase.dll
Event: 0.594 Loaded shared library C:\Users\andraz\.openjfx\cache\19+11\amd64\vcruntime140.dll
Event: 0.600 Loaded shared library C:\Users\andraz\.openjfx\cache\19+11\amd64\vcruntime140_1.dll
Event: 0.612 Loaded shared library C:\Users\andraz\.openjfx\cache\19+11\amd64\msvcp140.dll
Event: 0.618 Loaded shared library C:\Users\andraz\.openjfx\cache\19+11\amd64\msvcp140_1.dll
Event: 0.627 Loaded shared library C:\Users\andraz\.openjfx\cache\19+11\amd64\msvcp140_2.dll
Event: 0.682 Loaded shared library C:\Users\andraz\.openjfx\cache\19+11\amd64\prism_d3d.dll
Event: 0.752 Loaded shared library C:\Users\andraz\.openjfx\cache\19+11\amd64\glass.dll
Event: 0.880 Loaded shared library C:\Users\andraz\.jdks\corretto-17.0.6\bin\jimage.dll

Deoptimization events (20 events):
Event: 0.591 Thread 0x000002304073f100 DEOPT PACKING pc=0x000002304832858f sp=0x00000038c9bfe4e0
Event: 0.591 Thread 0x000002304073f100 DEOPT UNPACKING pc=0x000002304f7c7143 sp=0x00000038c9bfd900 mode 0
Event: 0.762 Thread 0x0000023064e5eb00 Uncommon trap: trap_request=0xffffff45 fr.pc=0x000002304fd4a680 relative=0x00000000000002c0
Event: 0.762 Thread 0x0000023064e5eb00 Uncommon trap: reason=unstable_if action=reinterpret pc=0x000002304fd4a680 method=java.lang.invoke.VarHandle.checkExactAccessMode(Ljava/lang/invoke/VarHandle$AccessDescriptor;)V @ 4 c2
Event: 0.762 Thread 0x0000023064e5eb00 DEOPT PACKING pc=0x000002304fd4a680 sp=0x00000038cb1fe820
Event: 0.762 Thread 0x0000023064e5eb00 DEOPT UNPACKING pc=0x000002304f7c69a3 sp=0x00000038cb1fe790 mode 2
Event: 0.764 Thread 0x0000023064c26110 Uncommon trap: trap_request=0xffffff45 fr.pc=0x000002304fd4b6cc relative=0x00000000000001ac
Event: 0.764 Thread 0x0000023064c26110 Uncommon trap: reason=unstable_if action=reinterpret pc=0x000002304fd4b6cc method=java.lang.invoke.VarHandle.checkExactAccessMode(Ljava/lang/invoke/VarHandle$AccessDescriptor;)V @ 4 c2
Event: 0.764 Thread 0x0000023064c26110 DEOPT PACKING pc=0x000002304fd4b6cc sp=0x00000038cacff240
Event: 0.764 Thread 0x0000023064c26110 DEOPT UNPACKING pc=0x000002304f7c69a3 sp=0x00000038cacff220 mode 2
Event: 0.837 Thread 0x0000023064e5eb00 Uncommon trap: trap_request=0xffffff45 fr.pc=0x000002304fd4a0f4 relative=0x0000000000000074
Event: 0.837 Thread 0x0000023064e5eb00 Uncommon trap: reason=unstable_if action=reinterpret pc=0x000002304fd4a0f4 method=jdk.internal.misc.Unsafe.convEndian(ZI)I @ 4 c2
Event: 0.837 Thread 0x0000023064e5eb00 DEOPT PACKING pc=0x000002304fd4a0f4 sp=0x00000038cb1fd4b0
Event: 0.837 Thread 0x0000023064e5eb00 DEOPT UNPACKING pc=0x000002304f7c69a3 sp=0x00000038cb1fd3e0 mode 2
Event: 0.928 Thread 0x0000023064e5eb00 Uncommon trap: trap_request=0xffffff45 fr.pc=0x000002304fd1dadc relative=0x000000000000015c
Event: 0.928 Thread 0x0000023064e5eb00 Uncommon trap: reason=unstable_if action=reinterpret pc=0x000002304fd1dadc method=java.lang.StringCoding.hasNegatives([BII)Z @ 12 c2
Event: 0.928 Thread 0x0000023064e5eb00 DEOPT PACKING pc=0x000002304fd1dadc sp=0x00000038cb1fd5d0
Event: 0.928 Thread 0x0000023064e5eb00 DEOPT UNPACKING pc=0x000002304f7c69a3 sp=0x00000038cb1fd578 mode 2
Event: 0.973 Thread 0x0000023064e5eb00 DEOPT PACKING pc=0x00000230483b8556 sp=0x00000038cb1f9520
Event: 0.973 Thread 0x0000023064e5eb00 DEOPT UNPACKING pc=0x000002304f7c7143 sp=0x00000038cb1f89a8 mode 0

Classes unloaded (0 events):
No events

Classes redefined (0 events):
No events

Internal exceptions (16 events):
Event: 0.085 Thread 0x000002304073f100 Exception <a 'java/lang/NoSuchMethodError'{0x0000000711715970}: 'void java.lang.invoke.DirectMethodHandle$Holder.invokeSpecial(java.lang.Object, java.lang.Object, java.lang.Object)'> (0x0000000711715970) 
thrown [s\src\hotspot\share\interpreter\linkResolver.cpp, line 759]
Event: 0.159 Thread 0x000002304073f100 Exception <a 'java/lang/NoSuchMethodError'{0x000000071120cc60}: 'void java.lang.invoke.DirectMethodHandle$Holder.invokeVirtual(java.lang.Object, java.lang.Object)'> (0x000000071120cc60) 
thrown [s\src\hotspot\share\interpreter\linkResolver.cpp, line 759]
Event: 0.243 Thread 0x000002306456db90 Exception <a 'java/lang/NoSuchMethodError'{0x0000000711156cb0}: 'java.lang.Object java.lang.invoke.DirectMethodHandle$Holder.invokeStaticInit(java.lang.Object)'> (0x0000000711156cb0) 
thrown [s\src\hotspot\share\interpreter\linkResolver.cpp, line 759]
Event: 0.252 Thread 0x000002306456db90 Exception <a 'java/lang/ClassNotFoundException'{0x0000000711161ef0}: jdk/net/ExtendedSocketOptions> (0x0000000711161ef0) 
thrown [s\src\hotspot\share\classfile\systemDictionary.cpp, line 256]
Event: 0.253 Thread 0x000002306456db90 Exception <a 'java/lang/NoSuchMethodError'{0x0000000711163788}: 'void java.lang.invoke.DirectMethodHandle$Holder.invokeStatic(java.lang.Object, java.lang.Object)'> (0x0000000711163788) 
thrown [s\src\hotspot\share\interpreter\linkResolver.cpp, line 759]
Event: 0.668 Thread 0x000002304073f100 Exception <a 'java/lang/NoSuchMethodError'{0x000000071085c318}: 'void java.lang.invoke.DirectMethodHandle$Holder.invokeStatic(java.lang.Object, java.lang.Object, java.lang.Object)'> (0x000000071085c318) 
thrown [s\src\hotspot\share\interpreter\linkResolver.cpp, line 759]
Event: 0.732 Thread 0x000002304073f100 Exception <a 'java/lang/NoSuchMethodError'{0x00000007108e9bc0}: 'int java.lang.invoke.DirectMethodHandle$Holder.invokeStaticInit(java.lang.Object, java.lang.Object, java.lang.Object)'> (0x00000007108e9bc0) 
thrown [s\src\hotspot\share\interpreter\linkResolver.cpp, line 759]
Event: 0.755 Thread 0x000002304073f100 Exception <a 'java/lang/NoSuchMethodError'{0x00000007109a5508}: 'java.lang.Object java.lang.invoke.DirectMethodHandle$Holder.newInvokeSpecial(java.lang.Object, java.lang.Object, int, java.lang.Object)'> (0x00000007109a5508) 
thrown [s\src\hotspot\share\interpreter\linkResolver.cpp, line 759]
Event: 0.756 Thread 0x000002304073f100 Exception <a 'java/lang/NoSuchMethodError'{0x00000007109a98e8}: 'java.lang.Object java.lang.invoke.DirectMethodHandle$Holder.invokeSpecial(java.lang.Object, java.lang.Object, java.lang.Object, int, java.lang.Object)'> (0x00000007109a98e8) 
thrown [s\src\hotspot\share\interpreter\linkResolver.cpp, line 759]
Event: 0.823 Thread 0x0000023064e5eb00 Exception <a 'java/lang/NoSuchMethodError'{0x0000000710713280}: 'void java.lang.invoke.DirectMethodHandle$Holder.invokeStaticInit(java.lang.Object)'> (0x0000000710713280) 
thrown [s\src\hotspot\share\interpreter\linkResolver.cpp, line 759]
Event: 0.826 Thread 0x000002304073f100 Exception <a 'java/lang/NoSuchMethodError'{0x00000007109beaa8}: 'java.lang.Object java.lang.invoke.DirectMethodHandle$Holder.newInvokeSpecial(java.lang.Object, java.lang.Object, java.lang.Object, java.lang.Object, java.lang.Object, java.lang.Object)'> (0x00000007109beaa8) 
thrown [s\src\hotspot\share\interpreter\linkResolver.cpp, line 759]
Event: 0.844 Thread 0x000002304073f100 Exception <a 'java/lang/NoSuchMethodError'{0x00000007107e95d8}: 'java.lang.Object java.lang.invoke.DirectMethodHandle$Holder.newInvokeSpecial(java.lang.Object, java.lang.Object, java.lang.Object, java.lang.Object, java.lang.Object)'> (0x00000007107e95d8) 
thrown [s\src\hotspot\share\interpreter\linkResolver.cpp, line 759]
Event: 0.845 Thread 0x0000023064d81260 Exception <a 'java/lang/NoSuchMethodError'{0x0000000710404290}: 'void java.lang.invoke.DirectMethodHandle$Holder.invokeStatic(java.lang.Object, java.lang.Object, java.lang.Object, java.lang.Object)'> (0x0000000710404290) 
thrown [s\src\hotspot\share\interpreter\linkResolver.cpp, line 759]
Event: 0.896 Thread 0x0000023064e5eb00 Exception <a 'sun/nio/fs/WindowsException'{0x00000007102cc4f8}> (0x00000007102cc4f8) 
thrown [s\src\hotspot\share\prims\jni.cpp, line 516]
Event: 0.983 Thread 0x0000023064e5eb00 Exception <a 'java/lang/NoSuchMethodError'{0x000000071156d718}: 'java.lang.Object java.lang.invoke.DirectMethodHandle$Holder.invokeStaticInit(java.lang.Object, java.lang.Object, java.lang.Object, java.lang.Object)'> (0x000000071156d718) 
thrown [s\src\hotspot\share\interpreter\linkResolver.cpp, line 759]
Event: 0.984 Thread 0x0000023064e5eb00 Exception <a 'java/lang/NullPointerException'{0x00000007115793c0}> (0x00000007115793c0) 
thrown [s\src\hotspot\share\interpreter\linkResolver.cpp, line 1350]

VM Operations (12 events):
Event: 0.192 Executing VM operation: HandshakeAllThreads
Event: 0.192 Executing VM operation: HandshakeAllThreads done
Event: 0.192 Executing VM operation: HandshakeAllThreads
Event: 0.193 Executing VM operation: HandshakeAllThreads done
Event: 0.240 Executing VM operation: HandshakeAllThreads
Event: 0.240 Executing VM operation: HandshakeAllThreads done
Event: 0.740 Executing VM operation: HandshakeAllThreads
Event: 0.740 Executing VM operation: HandshakeAllThreads done
Event: 0.879 Executing VM operation: ICBufferFull
Event: 0.879 Executing VM operation: ICBufferFull done
Event: 0.940 Executing VM operation: G1CollectForAllocation
Event: 0.943 Executing VM operation: G1CollectForAllocation done

Events (20 events):
Event: 0.924 loading class com/sun/org/apache/xerces/internal/util/MessageFormatter done
Event: 0.924 loading class com/sun/org/apache/xerces/internal/impl/msg/XMLMessageFormatter done
Event: 0.924 loading class com/sun/org/apache/xerces/internal/utils/XMLLimitAnalyzer
Event: 0.924 loading class com/sun/org/apache/xerces/internal/utils/XMLLimitAnalyzer done
Event: 0.925 loading class com/sun/org/apache/xerces/internal/util/XMLSymbols
Event: 0.925 loading class com/sun/org/apache/xerces/internal/util/XMLSymbols done
Event: 0.925 loading class com/sun/xml/internal/stream/Entity$ScannedEntity
Event: 0.925 loading class com/sun/xml/internal/stream/Entity
Event: 0.925 loading class com/sun/xml/internal/stream/Entity done
Event: 0.925 loading class com/sun/xml/internal/stream/Entity$ScannedEntity done
Event: 0.925 loading class com/sun/xml/internal/stream/util/ThreadLocalBufferAllocator
Event: 0.926 loading class com/sun/xml/internal/stream/util/ThreadLocalBufferAllocator done
Event: 0.926 loading class com/sun/xml/internal/stream/util/BufferAllocator
Event: 0.926 loading class com/sun/xml/internal/stream/util/BufferAllocator done
Event: 0.926 loading class com/sun/org/apache/xerces/internal/util/XMLChar
Event: 0.927 loading class com/sun/org/apache/xerces/internal/util/XMLChar done
Event: 0.928 loading class com/sun/org/apache/xerces/internal/impl/XMLScanner$NameType
Event: 0.928 loading class com/sun/org/apache/xerces/internal/impl/XMLScanner$NameType done
Event: 0.945 loading class java/util/EventListener
Event: 0.945 loading class java/util/EventListener done


Dynamic libraries:
0x00007ff70bd40000 - 0x00007ff70bd4d000 	C:\Users\andraz\.jdks\corretto-17.0.6\bin\java.exe
0x00007ff9a8270000 - 0x00007ff9a8468000 	C:\WINDOWS\SYSTEM32\ntdll.dll
0x00007ff9a7310000 - 0x00007ff9a73cd000 	C:\WINDOWS\System32\KERNEL32.DLL
0x00007ff9a5e80000 - 0x00007ff9a614e000 	C:\WINDOWS\System32\KERNELBASE.dll
0x00007ff9a5b80000 - 0x00007ff9a5c80000 	C:\WINDOWS\System32\ucrtbase.dll
0x00007ff991f80000 - 0x00007ff991f95000 	C:\Users\andraz\.jdks\corretto-17.0.6\bin\VCRUNTIME140.dll
0x00007ff992240000 - 0x00007ff992257000 	C:\Users\andraz\.jdks\corretto-17.0.6\bin\jli.dll
0x00007ff9a6cf0000 - 0x00007ff9a6e90000 	C:\WINDOWS\System32\USER32.dll
0x00007ff9a5cf0000 - 0x00007ff9a5d12000 	C:\WINDOWS\System32\win32u.dll
0x00007ff999f10000 - 0x00007ff99a1aa000 	C:\WINDOWS\WinSxS\amd64_microsoft.windows.common-controls_6595b64144ccf1df_6.0.19041.1110_none_60b5254171f9507e\COMCTL32.dll
0x00007ff9a7ec0000 - 0x00007ff9a7eea000 	C:\WINDOWS\System32\GDI32.dll
0x00007ff9a67e0000 - 0x00007ff9a687e000 	C:\WINDOWS\System32\msvcrt.dll
0x00007ff9a59c0000 - 0x00007ff9a5acb000 	C:\WINDOWS\System32\gdi32full.dll
0x00007ff9a6150000 - 0x00007ff9a61ed000 	C:\WINDOWS\System32\msvcp_win.dll
0x00007ff9a8200000 - 0x00007ff9a8230000 	C:\WINDOWS\System32\IMM32.DLL
0x00007ff967c70000 - 0x00007ff967d0b000 	C:\Users\andraz\.jdks\corretto-17.0.6\bin\msvcp140.dll
0x00007ff931b20000 - 0x00007ff932738000 	C:\Users\andraz\.jdks\corretto-17.0.6\bin\server\jvm.dll
0x00007ff9a80f0000 - 0x00007ff9a819e000 	C:\WINDOWS\System32\ADVAPI32.dll
0x00007ff9a63e0000 - 0x00007ff9a647c000 	C:\WINDOWS\System32\sechost.dll
0x00007ff9a74f0000 - 0x00007ff9a7615000 	C:\WINDOWS\System32\RPCRT4.dll
0x00007ff997980000 - 0x00007ff997989000 	C:\WINDOWS\SYSTEM32\WSOCK32.dll
0x00007ff999ee0000 - 0x00007ff999f07000 	C:\WINDOWS\SYSTEM32\WINMM.dll
0x00007ff99d120000 - 0x00007ff99d12a000 	C:\WINDOWS\SYSTEM32\VERSION.dll
0x00007ff9a8080000 - 0x00007ff9a80eb000 	C:\WINDOWS\System32\WS2_32.dll
0x00007ff9a4230000 - 0x00007ff9a4242000 	C:\WINDOWS\SYSTEM32\kernel.appcore.dll
0x00007ff9945c0000 - 0x00007ff9945ca000 	C:\Users\andraz\.jdks\corretto-17.0.6\bin\jimage.dll
0x00007ff9a3740000 - 0x00007ff9a3924000 	C:\WINDOWS\SYSTEM32\DBGHELP.DLL
0x00007ff99d430000 - 0x00007ff99d45c000 	C:\WINDOWS\SYSTEM32\dbgcore.DLL
0x00007ff9a6240000 - 0x00007ff9a62c2000 	C:\WINDOWS\System32\bcryptPrimitives.dll
0x00007ff990920000 - 0x00007ff99092e000 	C:\Users\andraz\.jdks\corretto-17.0.6\bin\instrument.dll
0x00007ff98ef30000 - 0x00007ff98ef55000 	C:\Users\andraz\.jdks\corretto-17.0.6\bin\java.dll
0x00007ff95ff70000 - 0x00007ff960046000 	C:\Users\andraz\.jdks\corretto-17.0.6\bin\jsvml.dll
0x00007ff9a7770000 - 0x00007ff9a7eb4000 	C:\WINDOWS\System32\SHELL32.dll
0x00007ff9a3930000 - 0x00007ff9a40c4000 	C:\WINDOWS\SYSTEM32\windows.storage.dll
0x00007ff9a6480000 - 0x00007ff9a67d4000 	C:\WINDOWS\System32\combase.dll
0x00007ff9a5240000 - 0x00007ff9a5270000 	C:\WINDOWS\SYSTEM32\Wldp.dll
0x00007ff9a7040000 - 0x00007ff9a70ed000 	C:\WINDOWS\System32\SHCORE.dll
0x00007ff9a7620000 - 0x00007ff9a7675000 	C:\WINDOWS\System32\shlwapi.dll
0x00007ff9a58d0000 - 0x00007ff9a58ef000 	C:\WINDOWS\SYSTEM32\profapi.dll
0x00007ff991160000 - 0x00007ff991179000 	C:\Users\andraz\.jdks\corretto-17.0.6\bin\net.dll
0x00007ff99cc40000 - 0x00007ff99cd4a000 	C:\WINDOWS\SYSTEM32\WINHTTP.dll
0x00007ff9a5020000 - 0x00007ff9a508a000 	C:\WINDOWS\system32\mswsock.dll
0x00007ff9910f0000 - 0x00007ff991105000 	C:\Users\andraz\.jdks\corretto-17.0.6\bin\nio.dll
0x00007ff990d70000 - 0x00007ff990d88000 	C:\Users\andraz\.jdks\corretto-17.0.6\bin\zip.dll
0x00007ff981a30000 - 0x00007ff981a4a000 	C:\Program Files\JetBrains\IntelliJ IDEA 2022.3.2\bin\breakgen64.dll
0x000002303e720000 - 0x000002303e723000 	C:\Users\andraz\.openjfx\cache\19+11\amd64\api-ms-win-core-console-l1-1-0.dll
0x000002303e730000 - 0x000002303e733000 	C:\Users\andraz\.openjfx\cache\19+11\amd64\api-ms-win-core-console-l1-2-0.dll
0x000002303e740000 - 0x000002303e743000 	C:\Users\andraz\.openjfx\cache\19+11\amd64\api-ms-win-core-datetime-l1-1-0.dll
0x000002303e750000 - 0x000002303e753000 	C:\Users\andraz\.openjfx\cache\19+11\amd64\api-ms-win-core-debug-l1-1-0.dll
0x00000230406d0000 - 0x00000230406d3000 	C:\Users\andraz\.openjfx\cache\19+11\amd64\api-ms-win-core-errorhandling-l1-1-0.dll
0x00000230406e0000 - 0x00000230406e4000 	C:\Users\andraz\.openjfx\cache\19+11\amd64\api-ms-win-core-file-l1-1-0.dll
0x00000230406f0000 - 0x00000230406f3000 	C:\Users\andraz\.openjfx\cache\19+11\amd64\api-ms-win-core-file-l1-2-0.dll
0x0000023040700000 - 0x0000023040703000 	C:\Users\andraz\.openjfx\cache\19+11\amd64\api-ms-win-core-file-l2-1-0.dll
0x0000023063740000 - 0x0000023063743000 	C:\Users\andraz\.openjfx\cache\19+11\amd64\api-ms-win-core-handle-l1-1-0.dll
0x0000023063750000 - 0x0000023063753000 	C:\Users\andraz\.openjfx\cache\19+11\amd64\api-ms-win-core-heap-l1-1-0.dll
0x0000023063760000 - 0x0000023063763000 	C:\Users\andraz\.openjfx\cache\19+11\amd64\api-ms-win-core-interlocked-l1-1-0.dll
0x0000023063770000 - 0x0000023063773000 	C:\Users\andraz\.openjfx\cache\19+11\amd64\api-ms-win-core-libraryloader-l1-1-0.dll
0x0000023063780000 - 0x0000023063783000 	C:\Users\andraz\.openjfx\cache\19+11\amd64\api-ms-win-core-localization-l1-2-0.dll
0x0000023063790000 - 0x0000023063793000 	C:\Users\andraz\.openjfx\cache\19+11\amd64\api-ms-win-core-memory-l1-1-0.dll
0x00000230637a0000 - 0x00000230637a3000 	C:\Users\andraz\.openjfx\cache\19+11\amd64\api-ms-win-core-namedpipe-l1-1-0.dll
0x00000230637b0000 - 0x00000230637b3000 	C:\Users\andraz\.openjfx\cache\19+11\amd64\api-ms-win-core-processenvironment-l1-1-0.dll
0x00000230637c0000 - 0x00000230637c3000 	C:\Users\andraz\.openjfx\cache\19+11\amd64\api-ms-win-core-processthreads-l1-1-0.dll
0x00000230637d0000 - 0x00000230637d3000 	C:\Users\andraz\.openjfx\cache\19+11\amd64\api-ms-win-core-processthreads-l1-1-1.dll
0x00000230637e0000 - 0x00000230637e3000 	C:\Users\andraz\.openjfx\cache\19+11\amd64\api-ms-win-core-profile-l1-1-0.dll
0x00000230637f0000 - 0x00000230637f3000 	C:\Users\andraz\.openjfx\cache\19+11\amd64\api-ms-win-core-rtlsupport-l1-1-0.dll
0x0000023065cd0000 - 0x0000023065cd3000 	C:\Users\andraz\.openjfx\cache\19+11\amd64\api-ms-win-core-string-l1-1-0.dll
0x0000023065ce0000 - 0x0000023065ce3000 	C:\Users\andraz\.openjfx\cache\19+11\amd64\api-ms-win-core-synch-l1-1-0.dll
0x0000023065cf0000 - 0x0000023065cf3000 	C:\Users\andraz\.openjfx\cache\19+11\amd64\api-ms-win-core-synch-l1-2-0.dll
0x0000023065d00000 - 0x0000023065d03000 	C:\Users\andraz\.openjfx\cache\19+11\amd64\api-ms-win-core-sysinfo-l1-1-0.dll
0x0000023065d10000 - 0x0000023065d13000 	C:\Users\andraz\.openjfx\cache\19+11\amd64\api-ms-win-core-timezone-l1-1-0.dll
0x0000023065d20000 - 0x0000023065d23000 	C:\Users\andraz\.openjfx\cache\19+11\amd64\api-ms-win-core-util-l1-1-0.dll
0x0000023065d30000 - 0x0000023065d33000 	C:\Users\andraz\.openjfx\cache\19+11\amd64\api-ms-win-crt-conio-l1-1-0.dll
0x0000023065d40000 - 0x0000023065d44000 	C:\Users\andraz\.openjfx\cache\19+11\amd64\api-ms-win-crt-convert-l1-1-0.dll
0x0000023065d50000 - 0x0000023065d53000 	C:\Users\andraz\.openjfx\cache\19+11\amd64\api-ms-win-crt-environment-l1-1-0.dll
0x0000023065d60000 - 0x0000023065d63000 	C:\Users\andraz\.openjfx\cache\19+11\amd64\api-ms-win-crt-filesystem-l1-1-0.dll
0x0000023065d70000 - 0x0000023065d73000 	C:\Users\andraz\.openjfx\cache\19+11\amd64\api-ms-win-crt-heap-l1-1-0.dll
0x0000023065d80000 - 0x0000023065d83000 	C:\Users\andraz\.openjfx\cache\19+11\amd64\api-ms-win-crt-locale-l1-1-0.dll
0x0000023065d90000 - 0x0000023065d95000 	C:\Users\andraz\.openjfx\cache\19+11\amd64\api-ms-win-crt-math-l1-1-0.dll
0x0000023065da0000 - 0x0000023065da5000 	C:\Users\andraz\.openjfx\cache\19+11\amd64\api-ms-win-crt-multibyte-l1-1-0.dll
0x0000023065db0000 - 0x0000023065dc0000 	C:\Users\andraz\.openjfx\cache\19+11\amd64\api-ms-win-crt-private-l1-1-0.dll
0x0000023065dc0000 - 0x0000023065dc3000 	C:\Users\andraz\.openjfx\cache\19+11\amd64\api-ms-win-crt-process-l1-1-0.dll
0x0000023065dd0000 - 0x0000023065dd4000 	C:\Users\andraz\.openjfx\cache\19+11\amd64\api-ms-win-crt-runtime-l1-1-0.dll
0x0000023065de0000 - 0x0000023065de4000 	C:\Users\andraz\.openjfx\cache\19+11\amd64\api-ms-win-crt-stdio-l1-1-0.dll
0x0000023065df0000 - 0x0000023065df4000 	C:\Users\andraz\.openjfx\cache\19+11\amd64\api-ms-win-crt-string-l1-1-0.dll
0x0000023065e00000 - 0x0000023065e03000 	C:\Users\andraz\.openjfx\cache\19+11\amd64\api-ms-win-crt-time-l1-1-0.dll
0x0000023065e10000 - 0x0000023065e13000 	C:\Users\andraz\.openjfx\cache\19+11\amd64\api-ms-win-crt-utility-l1-1-0.dll
0x00007ff9553a0000 - 0x00007ff95549c000 	C:\Users\andraz\.openjfx\cache\19+11\amd64\ucrtbase.dll
0x00007ff9770c0000 - 0x00007ff9770db000 	C:\Users\andraz\.openjfx\cache\19+11\amd64\vcruntime140.dll
0x00007ff9805f0000 - 0x00007ff9805fc000 	C:\Users\andraz\.openjfx\cache\19+11\amd64\vcruntime140_1.dll
0x00007ff963470000 - 0x00007ff9634fe000 	C:\Users\andraz\.openjfx\cache\19+11\amd64\msvcp140.dll
0x00007ff980220000 - 0x00007ff980229000 	C:\Users\andraz\.openjfx\cache\19+11\amd64\msvcp140_1.dll
0x00007ff96fc00000 - 0x00007ff96fc30000 	C:\Users\andraz\.openjfx\cache\19+11\amd64\msvcp140_2.dll
0x00007ff96fbd0000 - 0x00007ff96fbfc000 	C:\Users\andraz\.openjfx\cache\19+11\amd64\prism_d3d.dll
0x00007ff95d770000 - 0x00007ff95d93f000 	C:\WINDOWS\system32\d3d9.dll
0x00007ff9a32c0000 - 0x00007ff9a32ef000 	C:\WINDOWS\SYSTEM32\dwmapi.dll
0x00007ff9a2f40000 - 0x00007ff9a2fde000 	C:\WINDOWS\system32\uxtheme.dll
0x00007ff962450000 - 0x00007ff9625b5000 	C:\WINDOWS\System32\DriverStore\FileRepository\igdlh64.inf_amd64_5dc194ddcb559d66\igdumdim64.dll
0x00007ff9a71e0000 - 0x00007ff9a730a000 	C:\WINDOWS\System32\ole32.dll
0x00007ff907d90000 - 0x00007ff90c58d000 	C:\WINDOWS\System32\DriverStore\FileRepository\igdlh64.inf_amd64_5dc194ddcb559d66\igd9dxva64.dll
0x00007ff9a7100000 - 0x00007ff9a71cd000 	C:\WINDOWS\System32\OLEAUT32.dll
0x00007ff9a6880000 - 0x00007ff9a6cef000 	C:\WINDOWS\System32\SETUPAPI.dll
0x00007ff9a61f0000 - 0x00007ff9a623e000 	C:\WINDOWS\System32\cfgmgr32.dll
0x00007ff9a5990000 - 0x00007ff9a59b7000 	C:\WINDOWS\System32\bcrypt.dll
0x00007ff9899d0000 - 0x00007ff989c27000 	C:\WINDOWS\System32\DriverStore\FileRepository\igdlh64.inf_amd64_5dc194ddcb559d66\igdgmm64.dll
0x00007ff969fa0000 - 0x00007ff969fe2000 	C:\Users\andraz\.openjfx\cache\19+11\amd64\glass.dll
0x00007ff9a7fa0000 - 0x00007ff9a807a000 	C:\WINDOWS\System32\COMDLG32.dll
0x00007ff9a73d0000 - 0x00007ff9a74e5000 	C:\WINDOWS\System32\MSCTF.dll
0x00007ff9a02a0000 - 0x00007ff9a02db000 	C:\WINDOWS\SYSTEM32\dxcore.dll

dbghelp: loaded successfully - version: 4.0.5 - missing functions: none
symbol engine: initialized successfully - sym options: 0x614 - pdb path: .;C:\Users\andraz\.jdks\corretto-17.0.6\bin;C:\WINDOWS\SYSTEM32;C:\WINDOWS\WinSxS\amd64_microsoft.windows.common-controls_6595b64144ccf1df_6.0.19041.1110_none_60b5254171f9507e;C:\Users\andraz\.jdks\corretto-17.0.6\bin\server;C:\Program Files\JetBrains\IntelliJ IDEA 2022.3.2\bin;C:\Users\andraz\.openjfx\cache\19+11\amd64;C:\WINDOWS\System32\DriverStore\FileRepository\igdlh64.inf_amd64_5dc194ddcb559d66

VM Arguments:
jvm_args: -javaagent:C:\Program Files\JetBrains\IntelliJ IDEA 2022.3.2\lib\idea_rt.jar=64900:C:\Program Files\JetBrains\IntelliJ IDEA 2022.3.2\bin -Dfile.encoding=UTF-8 --module-path=C:\Users\andraz\.m2\repository\org\kordamp\ikonli\ikonli-core\12.3.1\ikonli-core-12.3.1.jar;C:\Users\andraz\.m2\repository\org\openjfx\javafx-controls\19\javafx-controls-19-win.jar;C:\Users\andraz\.m2\repository\com\dlsc\formsfx\formsfx-core\11.5.0\formsfx-core-11.5.0.jar;C:\Users\andraz\.m2\repository\org\openjfx\javafx-base\19\javafx-base-19-win.jar;C:\Users\andraz\.m2\repository\net\synedra\validatorfx\0.4.0\validatorfx-0.4.0.jar;C:\Users\andraz\.m2\repository\org\openjfx\javafx-fxml\19\javafx-fxml-19-win.jar;C:\Users\andraz\.m2\repository\org\controlsfx\controlsfx\11.1.2\controlsfx-11.1.2.jar;C:\Users\andraz\.m2\repository\org\kordamp\bootstrapfx\bootstrapfx-core\0.4.0\bootstrapfx-core-0.4.0.jar;C:\Users\andraz\.m2\repository\org\kordamp\ikonli\ikonli-javafx\12.3.1\ikonli-javafx-12.3.1.jar;C:\Users\andraz\Desktop\music_projekt\target\classes;C:\Users\andraz\.m2\repository\org\openjfx\javafx-graphics\19\javafx-graphics-19-win.jar -Djdk.module.main=com.example.music_projekt 
java_command: com.example.music_projekt/com.example.music_projekt.Main --module-path C:\Program Files\Java\javafx-sdk-19\lib --add-modules javafx.controls,javafx.fxml
java_class_path (initial): C:\Users\andraz\.m2\repository\org\openjfx\javafx-controls\19\javafx-controls-19.jar;C:\Users\andraz\.m2\repository\org\openjfx\javafx-graphics\19\javafx-graphics-19.jar;C:\Users\andraz\.m2\repository\org\openjfx\javafx-base\19\javafx-base-19.jar;C:\Users\andraz\.m2\repository\org\openjfx\javafx-fxml\19\javafx-fxml-19.jar;C:\Users\andraz\.m2\repository\de\jensd\fontawesomefx-fontawesome\4.7.0-9.1.2\fontawesomefx-fontawesome-4.7.0-9.1.2.jar;C:\Users\andraz\.m2\repository\de\jensd\fontawesomefx-commons\9.1.2\fontawesomefx-commons-9.1.2.jar;C:\Users\andraz\Desktop\music_projekt\src\main\java\com\example\music_projekt\postgresql-42.5.1.jar
Launcher Type: SUN_STANDARD

[Global flags]
     intx CICompilerCount                          = 4                                         {product} {ergonomic}
     uint ConcGCThreads                            = 2                                         {product} {ergonomic}
     uint G1ConcRefinementThreads                  = 8                                         {product} {ergonomic}
   size_t G1HeapRegionSize                         = 2097152                                   {product} {ergonomic}
    uintx GCDrainStackTargetSize                   = 64                                        {product} {ergonomic}
   size_t InitialHeapSize                          = 268435456                                 {product} {ergonomic}
   size_t MarkStackSize                            = 4194304                                   {product} {ergonomic}
   size_t MaxHeapSize                              = 4269801472                                {product} {ergonomic}
   size_t MaxNewSize                               = 2560622592                                {product} {ergonomic}
   size_t MinHeapDeltaBytes                        = 2097152                                   {product} {ergonomic}
   size_t MinHeapSize                              = 8388608                                   {product} {ergonomic}
    uintx NonNMethodCodeHeapSize                   = 5839372                                {pd product} {ergonomic}
    uintx NonProfiledCodeHeapSize                  = 122909434                              {pd product} {ergonomic}
    uintx ProfiledCodeHeapSize                     = 122909434                              {pd product} {ergonomic}
    uintx ReservedCodeCacheSize                    = 251658240                              {pd product} {ergonomic}
     bool SegmentedCodeCache                       = true                                      {product} {ergonomic}
   size_t SoftMaxHeapSize                          = 4269801472                             {manageable} {ergonomic}
     bool UseCompressedClassPointers               = true                           {product lp64_product} {ergonomic}
     bool UseCompressedOops                        = true                           {product lp64_product} {ergonomic}
     bool UseG1GC                                  = true                                      {product} {ergonomic}
     bool UseLargePagesIndividualAllocation        = false                                  {pd product} {ergonomic}

Logging:
Log output configuration:
 #0: stdout all=warning uptime,level,tags
 #1: stderr all=off uptime,level,tags

Environment Variables:
JAVA_HOME=C:\Program Files\Java\jdk-17\bin
PATH=C:\Program Files\Common Files\Oracle\Java\javapath;C:\Program Files (x86)\Java\jdk1.8.0_311;C:\Program Files (x86)\Common Files\Intel\Shared Libraries\redist\intel64\compiler;C:\WINDOWS\system32;C:\WINDOWS;C:\WINDOWS\System32\Wbem;C:\WINDOWS\System32\WindowsPowerShell\v1.0\;C:\WINDOWS\System32\OpenSSH\;C:\Program Files (x86)\Intel\Intel(R) Management Engine Components\DAL;C:\Program Files\Intel\Intel(R) Management Engine Components\DAL;C:\Program Files\dotnet\;C:\Program Files\Microsoft SQL Server\130\Tools\Binn\;C:\Program Files\Microsoft SQL Server\Client SDK\ODBC\170\Tools\Binn\;C:\Program Files\nodejs\;C:\Program Files\Git\cmd;C:\Gradle\gradle-2.14.1\bin;C:\Program Files\Java\jdk-17\bin;C:\Users\andraz\AppData\Local\Programs\Python\Python38-32\Scripts\;C:\Users\andraz\AppData\Local\Programs\Python\Python38-32\;C:\Users\andraz\AppData\Local\Microsoft\WindowsApps;C:\Users\andraz\.dotnet\tools;C:\Users\andraz\AppData\Roaming\npm;C:\Users\andraz\AppData\Local\Programs\Microsoft VS Code\bin;C:\Program Files (x86)\Java\jdk1.8.0_311;C:\Gradle\gradle-2.14.1\bin;C:\Program Files\JetBrains\IntelliJ IDEA 2022.3.2\bin;;C:\Program Files\Java\jdk-17\bin;
USERNAME=andraz
OS=Windows_NT
PROCESSOR_IDENTIFIER=Intel64 Family 6 Model 142 Stepping 10, GenuineIntel
TMP=C:\Users\andraz\AppData\Local\Temp
TEMP=C:\Users\andraz\AppData\Local\Temp



---------------  S Y S T E M  ---------------

OS:
 Windows 10 , 64 bit Build 19041 (10.0.19041.1889)
OS uptime: 177 days 22:32 hours
Hyper-V role detected

CPU: total 8 (initial active 8) (4 cores per cpu, 2 threads per core) family 6 model 142 stepping 10 microcode 0xf0, cx8, cmov, fxsr, ht, mmx, 3dnowpref, sse, sse2, sse3, ssse3, sse4.1, sse4.2, popcnt, lzcnt, tsc, tscinvbit, avx, avx2, aes, erms, clmul, bmi1, bmi2, adx, fma, vzeroupper, clflush, clflushopt, hv

Memory: 4k page, system-wide physical 16281M (532M free)
TotalPageFile size 44932M (AvailPageFile size 8M)
current process WorkingSet (physical memory assigned to process): 84M, peak: 84M
current process commit charge ("private bytes"): 375M, peak: 380M

vm_info: OpenJDK 64-Bit Server VM (17.0.6+10-LTS) for windows-amd64 JRE (17.0.6+10-LTS), built on Jan 13 2023 22:57:04 by "Administrator" with MS VC++ 15.9 (VS2017)

END.
